{"D:\\frontend\\src\\App.jsx": {"path":"D:\\frontend\\src\\App.jsx","statementMap":{"0":{"start":{"line":9,"column":12},"end":{"line":43,"column":1}},"1":{"start":{"line":10,"column":26},"end":{"line":10,"column":40}},"2":{"start":{"line":11,"column":38},"end":{"line":11,"column":50}},"3":{"start":{"line":13,"column":22},"end":{"line":16,"column":3}},"4":{"start":{"line":14,"column":4},"end":{"line":14,"column":26}},"5":{"start":{"line":15,"column":4},"end":{"line":15,"column":24}},"6":{"start":{"line":18,"column":23},"end":{"line":21,"column":3}},"7":{"start":{"line":19,"column":4},"end":{"line":19,"column":18}},"8":{"start":{"line":20,"column":4},"end":{"line":20,"column":22}},"9":{"start":{"line":23,"column":2},"end":{"line":42,"column":4}}},"fnMap":{"0":{"name":"(anonymous_0)","decl":{"start":{"line":9,"column":12},"end":{"line":9,"column":13}},"loc":{"start":{"line":9,"column":18},"end":{"line":43,"column":1}},"line":9},"1":{"name":"(anonymous_1)","decl":{"start":{"line":13,"column":22},"end":{"line":13,"column":23}},"loc":{"start":{"line":13,"column":51},"end":{"line":16,"column":3}},"line":13},"2":{"name":"(anonymous_2)","decl":{"start":{"line":18,"column":23},"end":{"line":18,"column":24}},"loc":{"start":{"line":18,"column":29},"end":{"line":21,"column":3}},"line":18}},"branchMap":{"0":{"loc":{"start":{"line":13,"column":37},"end":{"line":13,"column":46}},"type":"default-arg","locations":[{"start":{"line":13,"column":44},"end":{"line":13,"column":46}}],"line":13},"1":{"loc":{"start":{"line":31,"column":12},"end":{"line":31,"column":105}},"type":"cond-expr","locations":[{"start":{"line":31,"column":32},"end":{"line":31,"column":75}},{"start":{"line":31,"column":78},"end":{"line":31,"column":105}}],"line":31},"2":{"loc":{"start":{"line":36,"column":19},"end":{"line":36,"column":88}},"type":"cond-expr","locations":[{"start":{"line":36,"column":39},"end":{"line":36,"column":58}},{"start":{"line":36,"column":61},"end":{"line":36,"column":88}}],"line":36}},"s":{"0":1,"1":1,"2":1,"3":1,"4":0,"5":0,"6":1,"7":0,"8":0,"9":1},"f":{"0":1,"1":0,"2":0},"b":{"0":[0],"1":[0,1],"2":[0,1]},"_coverageSchema":"1a1c01bbd47fc00a2c39e90264f33305004495a9","hash":"46b73b990de482cac3b3c1fdbe02dd4b003bc5f5"}
,"D:\\frontend\\src\\main.jsx": {"path":"D:\\frontend\\src\\main.jsx","statementMap":{"0":{"start":{"line":7,"column":20},"end":{"line":7,"column":51}},"1":{"start":{"line":8,"column":0},"end":{"line":10,"column":1}},"2":{"start":{"line":9,"column":2},"end":{"line":9,"column":44}},"3":{"start":{"line":12,"column":0},"end":{"line":16,"column":2}}},"fnMap":{},"branchMap":{"0":{"loc":{"start":{"line":8,"column":0},"end":{"line":10,"column":1}},"type":"if","locations":[{"start":{"line":8,"column":0},"end":{"line":10,"column":1}},{"start":{},"end":{}}],"line":8}},"s":{"0":0,"1":0,"2":0,"3":0},"f":{},"b":{"0":[0,0]}}
,"D:\\frontend\\src\\components\\CenterDashboard.jsx": {"path":"D:\\frontend\\src\\components\\CenterDashboard.jsx","statementMap":{"0":{"start":{"line":8,"column":17},"end":{"line":8,"column":54}},"1":{"start":{"line":10,"column":24},"end":{"line":123,"column":1}},"2":{"start":{"line":11,"column":32},"end":{"line":11,"column":44}},"3":{"start":{"line":12,"column":28},"end":{"line":12,"column":40}},"4":{"start":{"line":13,"column":32},"end":{"line":13,"column":47}},"5":{"start":{"line":15,"column":22},"end":{"line":27,"column":8}},"6":{"start":{"line":15,"column":36},"end":{"line":27,"column":3}},"7":{"start":{"line":16,"column":4},"end":{"line":16,"column":21}},"8":{"start":{"line":17,"column":4},"end":{"line":17,"column":17}},"9":{"start":{"line":18,"column":4},"end":{"line":26,"column":5}},"10":{"start":{"line":19,"column":23},"end":{"line":19,"column":46}},"11":{"start":{"line":20,"column":6},"end":{"line":20,"column":29}},"12":{"start":{"line":22,"column":6},"end":{"line":22,"column":56}},"13":{"start":{"line":23,"column":6},"end":{"line":23,"column":62}},"14":{"start":{"line":25,"column":6},"end":{"line":25,"column":24}},"15":{"start":{"line":29,"column":2},"end":{"line":31,"column":20}},"16":{"start":{"line":30,"column":4},"end":{"line":30,"column":18}},"17":{"start":{"line":33,"column":29},"end":{"line":46,"column":3}},"18":{"start":{"line":34,"column":4},"end":{"line":45,"column":5}},"19":{"start":{"line":35,"column":6},"end":{"line":35,"column":50}},"20":{"start":{"line":36,"column":6},"end":{"line":41,"column":9}},"21":{"start":{"line":37,"column":24},"end":{"line":39,"column":55}},"22":{"start":{"line":38,"column":26},"end":{"line":38,"column":85}},"23":{"start":{"line":39,"column":28},"end":{"line":39,"column":54}},"24":{"start":{"line":40,"column":8},"end":{"line":40,"column":23}},"25":{"start":{"line":43,"column":6},"end":{"line":43,"column":53}},"26":{"start":{"line":44,"column":6},"end":{"line":44,"column":56}},"27":{"start":{"line":48,"column":23},"end":{"line":56,"column":3}},"28":{"start":{"line":49,"column":4},"end":{"line":55,"column":5}},"29":{"start":{"line":50,"column":6},"end":{"line":50,"column":33}},"30":{"start":{"line":51,"column":6},"end":{"line":51,"column":71}},"31":{"start":{"line":51,"column":27},"end":{"line":51,"column":69}},"32":{"start":{"line":51,"column":49},"end":{"line":51,"column":68}},"33":{"start":{"line":53,"column":6},"end":{"line":53,"column":52}},"34":{"start":{"line":54,"column":6},"end":{"line":54,"column":49}},"35":{"start":{"line":58,"column":2},"end":{"line":122,"column":4}},"36":{"start":{"line":83,"column":18},"end":{"line":107,"column":23}},"37":{"start":{"line":91,"column":41},"end":{"line":91,"column":85}},"38":{"start":{"line":94,"column":26},"end":{"line":94,"column":79}},"39":{"start":{"line":102,"column":39},"end":{"line":102,"column":61}}},"fnMap":{"0":{"name":"(anonymous_0)","decl":{"start":{"line":10,"column":24},"end":{"line":10,"column":25}},"loc":{"start":{"line":10,"column":30},"end":{"line":123,"column":1}},"line":10},"1":{"name":"(anonymous_1)","decl":{"start":{"line":15,"column":30},"end":{"line":15,"column":31}},"loc":{"start":{"line":15,"column":36},"end":{"line":27,"column":3}},"line":15},"2":{"name":"(anonymous_2)","decl":{"start":{"line":15,"column":36},"end":{"line":15,"column":37}},"loc":{"start":{"line":15,"column":48},"end":{"line":27,"column":3}},"line":15},"3":{"name":"(anonymous_3)","decl":{"start":{"line":29,"column":12},"end":{"line":29,"column":13}},"loc":{"start":{"line":29,"column":18},"end":{"line":31,"column":3}},"line":29},"4":{"name":"(anonymous_4)","decl":{"start":{"line":33,"column":29},"end":{"line":33,"column":30}},"loc":{"start":{"line":33,"column":59},"end":{"line":46,"column":3}},"line":33},"5":{"name":"(anonymous_5)","decl":{"start":{"line":36,"column":17},"end":{"line":36,"column":18}},"loc":{"start":{"line":36,"column":27},"end":{"line":41,"column":7}},"line":36},"6":{"name":"(anonymous_6)","decl":{"start":{"line":38,"column":15},"end":{"line":38,"column":16}},"loc":{"start":{"line":38,"column":26},"end":{"line":38,"column":85}},"line":38},"7":{"name":"(anonymous_7)","decl":{"start":{"line":39,"column":18},"end":{"line":39,"column":19}},"loc":{"start":{"line":39,"column":28},"end":{"line":39,"column":54}},"line":39},"8":{"name":"(anonymous_8)","decl":{"start":{"line":48,"column":23},"end":{"line":48,"column":24}},"loc":{"start":{"line":48,"column":42},"end":{"line":56,"column":3}},"line":48},"9":{"name":"(anonymous_9)","decl":{"start":{"line":51,"column":17},"end":{"line":51,"column":18}},"loc":{"start":{"line":51,"column":27},"end":{"line":51,"column":69}},"line":51},"10":{"name":"(anonymous_10)","decl":{"start":{"line":51,"column":39},"end":{"line":51,"column":40}},"loc":{"start":{"line":51,"column":49},"end":{"line":51,"column":68}},"line":51},"11":{"name":"(anonymous_11)","decl":{"start":{"line":82,"column":29},"end":{"line":82,"column":30}},"loc":{"start":{"line":83,"column":18},"end":{"line":107,"column":23}},"line":83},"12":{"name":"(anonymous_12)","decl":{"start":{"line":91,"column":34},"end":{"line":91,"column":35}},"loc":{"start":{"line":91,"column":41},"end":{"line":91,"column":85}},"line":91},"13":{"name":"(anonymous_13)","decl":{"start":{"line":93,"column":38},"end":{"line":93,"column":39}},"loc":{"start":{"line":94,"column":26},"end":{"line":94,"column":79}},"line":94},"14":{"name":"(anonymous_14)","decl":{"start":{"line":102,"column":33},"end":{"line":102,"column":34}},"loc":{"start":{"line":102,"column":39},"end":{"line":102,"column":61}},"line":102}},"branchMap":{"0":{"loc":{"start":{"line":20,"column":17},"end":{"line":20,"column":27}},"type":"binary-expr","locations":[{"start":{"line":20,"column":17},"end":{"line":20,"column":21}},{"start":{"line":20,"column":25},"end":{"line":20,"column":27}}],"line":20},"1":{"loc":{"start":{"line":23,"column":15},"end":{"line":23,"column":60}},"type":"binary-expr","locations":[{"start":{"line":23,"column":15},"end":{"line":23,"column":27}},{"start":{"line":23,"column":31},"end":{"line":23,"column":60}}],"line":23},"2":{"loc":{"start":{"line":38,"column":26},"end":{"line":38,"column":85}},"type":"cond-expr","locations":[{"start":{"line":38,"column":48},"end":{"line":38,"column":78}},{"start":{"line":38,"column":81},"end":{"line":38,"column":85}}],"line":38},"3":{"loc":{"start":{"line":44,"column":15},"end":{"line":44,"column":54}},"type":"binary-expr","locations":[{"start":{"line":44,"column":15},"end":{"line":44,"column":27}},{"start":{"line":44,"column":31},"end":{"line":44,"column":54}}],"line":44},"4":{"loc":{"start":{"line":54,"column":15},"end":{"line":54,"column":47}},"type":"binary-expr","locations":[{"start":{"line":54,"column":15},"end":{"line":54,"column":27}},{"start":{"line":54,"column":31},"end":{"line":54,"column":47}}],"line":54},"5":{"loc":{"start":{"line":69,"column":11},"end":{"line":69,"column":82}},"type":"binary-expr","locations":[{"start":{"line":69,"column":11},"end":{"line":69,"column":16}},{"start":{"line":69,"column":20},"end":{"line":69,"column":82}}],"line":69},"6":{"loc":{"start":{"line":90,"column":31},"end":{"line":90,"column":56}},"type":"binary-expr","locations":[{"start":{"line":90,"column":31},"end":{"line":90,"column":43}},{"start":{"line":90,"column":47},"end":{"line":90,"column":56}}],"line":90},"7":{"loc":{"start":{"line":109,"column":17},"end":{"line":115,"column":17}},"type":"binary-expr","locations":[{"start":{"line":109,"column":17},"end":{"line":109,"column":32}},{"start":{"line":110,"column":18},"end":{"line":114,"column":23}}],"line":109},"8":{"loc":{"start":{"line":112,"column":23},"end":{"line":112,"column":69}},"type":"cond-expr","locations":[{"start":{"line":112,"column":33},"end":{"line":112,"column":45}},{"start":{"line":112,"column":48},"end":{"line":112,"column":69}}],"line":112}},"s":{"0":1,"1":1,"2":0,"3":0,"4":0,"5":0,"6":0,"7":0,"8":0,"9":0,"10":0,"11":0,"12":0,"13":0,"14":0,"15":0,"16":0,"17":0,"18":0,"19":0,"20":0,"21":0,"22":0,"23":0,"24":0,"25":0,"26":0,"27":0,"28":0,"29":0,"30":0,"31":0,"32":0,"33":0,"34":0,"35":0,"36":0,"37":0,"38":0,"39":0},"f":{"0":0,"1":0,"2":0,"3":0,"4":0,"5":0,"6":0,"7":0,"8":0,"9":0,"10":0,"11":0,"12":0,"13":0,"14":0},"b":{"0":[0,0],"1":[0,0],"2":[0,0],"3":[0,0],"4":[0,0],"5":[0,0],"6":[0,0],"7":[0,0],"8":[0,0]},"_coverageSchema":"1a1c01bbd47fc00a2c39e90264f33305004495a9","hash":"ac764af3339b3a96699b9c26bf2b1cb2cd597e65"}
,"D:\\frontend\\src\\components\\FamilyDashboard.jsx": {"path":"D:\\frontend\\src\\components\\FamilyDashboard.jsx","statementMap":{"0":{"start":{"line":9,"column":19},"end":{"line":9,"column":83}},"1":{"start":{"line":11,"column":24},"end":{"line":186,"column":1}},"2":{"start":{"line":12,"column":32},"end":{"line":12,"column":44}},"3":{"start":{"line":13,"column":26},"end":{"line":13,"column":69}},"4":{"start":{"line":14,"column":36},"end":{"line":14,"column":50}},"5":{"start":{"line":15,"column":28},"end":{"line":15,"column":40}},"6":{"start":{"line":16,"column":32},"end":{"line":16,"column":47}},"7":{"start":{"line":18,"column":22},"end":{"line":31,"column":18}},"8":{"start":{"line":18,"column":36},"end":{"line":31,"column":3}},"9":{"start":{"line":19,"column":4},"end":{"line":19,"column":21}},"10":{"start":{"line":20,"column":4},"end":{"line":20,"column":17}},"11":{"start":{"line":21,"column":4},"end":{"line":30,"column":5}},"12":{"start":{"line":22,"column":23},"end":{"line":22,"column":59}},"13":{"start":{"line":23,"column":21},"end":{"line":23,"column":61}},"14":{"start":{"line":23,"column":49},"end":{"line":23,"column":60}},"15":{"start":{"line":24,"column":6},"end":{"line":24,"column":25}},"16":{"start":{"line":26,"column":6},"end":{"line":26,"column":52}},"17":{"start":{"line":27,"column":6},"end":{"line":27,"column":58}},"18":{"start":{"line":29,"column":6},"end":{"line":29,"column":24}},"19":{"start":{"line":33,"column":2},"end":{"line":35,"column":20}},"20":{"start":{"line":34,"column":4},"end":{"line":34,"column":18}},"21":{"start":{"line":37,"column":20},"end":{"line":40,"column":3}},"22":{"start":{"line":38,"column":4},"end":{"line":38,"column":47}},"23":{"start":{"line":39,"column":4},"end":{"line":39,"column":23}},"24":{"start":{"line":42,"column":23},"end":{"line":66,"column":3}},"25":{"start":{"line":43,"column":4},"end":{"line":43,"column":23}},"26":{"start":{"line":44,"column":4},"end":{"line":44,"column":31}},"27":{"start":{"line":44,"column":24},"end":{"line":44,"column":31}},"28":{"start":{"line":45,"column":4},"end":{"line":45,"column":17}},"29":{"start":{"line":47,"column":20},"end":{"line":51,"column":5}},"30":{"start":{"line":53,"column":4},"end":{"line":65,"column":5}},"31":{"start":{"line":54,"column":6},"end":{"line":60,"column":7}},"32":{"start":{"line":55,"column":25},"end":{"line":55,"column":68}},"33":{"start":{"line":56,"column":8},"end":{"line":56,"column":88}},"34":{"start":{"line":56,"column":29},"end":{"line":56,"column":86}},"35":{"start":{"line":56,"column":49},"end":{"line":56,"column":84}},"36":{"start":{"line":58,"column":25},"end":{"line":58,"column":57}},"37":{"start":{"line":59,"column":8},"end":{"line":59,"column":46}},"38":{"start":{"line":59,"column":29},"end":{"line":59,"column":44}},"39":{"start":{"line":61,"column":6},"end":{"line":61,"column":18}},"40":{"start":{"line":63,"column":6},"end":{"line":63,"column":50}},"41":{"start":{"line":64,"column":6},"end":{"line":64,"column":58}},"42":{"start":{"line":68,"column":21},"end":{"line":71,"column":3}},"43":{"start":{"line":69,"column":4},"end":{"line":69,"column":27}},"44":{"start":{"line":70,"column":4},"end":{"line":70,"column":65}},"45":{"start":{"line":73,"column":23},"end":{"line":81,"column":3}},"46":{"start":{"line":74,"column":4},"end":{"line":80,"column":5}},"47":{"start":{"line":75,"column":6},"end":{"line":75,"column":34}},"48":{"start":{"line":76,"column":6},"end":{"line":76,"column":66}},"49":{"start":{"line":76,"column":27},"end":{"line":76,"column":64}},"50":{"start":{"line":76,"column":49},"end":{"line":76,"column":63}},"51":{"start":{"line":78,"column":6},"end":{"line":78,"column":52}},"52":{"start":{"line":79,"column":6},"end":{"line":79,"column":49}},"53":{"start":{"line":83,"column":2},"end":{"line":185,"column":4}},"54":{"start":{"line":103,"column":35},"end":{"line":103,"column":83}},"55":{"start":{"line":103,"column":51},"end":{"line":103,"column":81}},"56":{"start":{"line":106,"column":20},"end":{"line":106,"column":67}},"57":{"start":{"line":117,"column":35},"end":{"line":117,"column":87}},"58":{"start":{"line":117,"column":51},"end":{"line":117,"column":85}},"59":{"start":{"line":150,"column":18},"end":{"line":170,"column":23}},"60":{"start":{"line":158,"column":39},"end":{"line":158,"column":56}},"61":{"start":{"line":165,"column":39},"end":{"line":165,"column":61}}},"fnMap":{"0":{"name":"(anonymous_0)","decl":{"start":{"line":11,"column":24},"end":{"line":11,"column":25}},"loc":{"start":{"line":11,"column":44},"end":{"line":186,"column":1}},"line":11},"1":{"name":"(anonymous_1)","decl":{"start":{"line":18,"column":30},"end":{"line":18,"column":31}},"loc":{"start":{"line":18,"column":36},"end":{"line":31,"column":3}},"line":18},"2":{"name":"(anonymous_2)","decl":{"start":{"line":18,"column":36},"end":{"line":18,"column":37}},"loc":{"start":{"line":18,"column":48},"end":{"line":31,"column":3}},"line":18},"3":{"name":"(anonymous_3)","decl":{"start":{"line":23,"column":39},"end":{"line":23,"column":40}},"loc":{"start":{"line":23,"column":49},"end":{"line":23,"column":60}},"line":23},"4":{"name":"(anonymous_4)","decl":{"start":{"line":33,"column":12},"end":{"line":33,"column":13}},"loc":{"start":{"line":33,"column":18},"end":{"line":35,"column":3}},"line":33},"5":{"name":"(anonymous_5)","decl":{"start":{"line":37,"column":20},"end":{"line":37,"column":21}},"loc":{"start":{"line":37,"column":26},"end":{"line":40,"column":3}},"line":37},"6":{"name":"(anonymous_6)","decl":{"start":{"line":42,"column":23},"end":{"line":42,"column":24}},"loc":{"start":{"line":42,"column":36},"end":{"line":66,"column":3}},"line":42},"7":{"name":"(anonymous_7)","decl":{"start":{"line":56,"column":19},"end":{"line":56,"column":20}},"loc":{"start":{"line":56,"column":29},"end":{"line":56,"column":86}},"line":56},"8":{"name":"(anonymous_8)","decl":{"start":{"line":56,"column":38},"end":{"line":56,"column":39}},"loc":{"start":{"line":56,"column":49},"end":{"line":56,"column":84}},"line":56},"9":{"name":"(anonymous_9)","decl":{"start":{"line":59,"column":19},"end":{"line":59,"column":20}},"loc":{"start":{"line":59,"column":29},"end":{"line":59,"column":44}},"line":59},"10":{"name":"(anonymous_10)","decl":{"start":{"line":68,"column":21},"end":{"line":68,"column":22}},"loc":{"start":{"line":68,"column":32},"end":{"line":71,"column":3}},"line":68},"11":{"name":"(anonymous_11)","decl":{"start":{"line":73,"column":23},"end":{"line":73,"column":24}},"loc":{"start":{"line":73,"column":37},"end":{"line":81,"column":3}},"line":73},"12":{"name":"(anonymous_12)","decl":{"start":{"line":76,"column":17},"end":{"line":76,"column":18}},"loc":{"start":{"line":76,"column":27},"end":{"line":76,"column":64}},"line":76},"13":{"name":"(anonymous_13)","decl":{"start":{"line":76,"column":39},"end":{"line":76,"column":40}},"loc":{"start":{"line":76,"column":49},"end":{"line":76,"column":63}},"line":76},"14":{"name":"(anonymous_14)","decl":{"start":{"line":103,"column":28},"end":{"line":103,"column":29}},"loc":{"start":{"line":103,"column":35},"end":{"line":103,"column":83}},"line":103},"15":{"name":"(anonymous_15)","decl":{"start":{"line":103,"column":43},"end":{"line":103,"column":44}},"loc":{"start":{"line":103,"column":51},"end":{"line":103,"column":81}},"line":103},"16":{"name":"(anonymous_16)","decl":{"start":{"line":105,"column":34},"end":{"line":105,"column":35}},"loc":{"start":{"line":106,"column":20},"end":{"line":106,"column":67}},"line":106},"17":{"name":"(anonymous_17)","decl":{"start":{"line":117,"column":28},"end":{"line":117,"column":29}},"loc":{"start":{"line":117,"column":35},"end":{"line":117,"column":87}},"line":117},"18":{"name":"(anonymous_18)","decl":{"start":{"line":117,"column":43},"end":{"line":117,"column":44}},"loc":{"start":{"line":117,"column":51},"end":{"line":117,"column":85}},"line":117},"19":{"name":"(anonymous_19)","decl":{"start":{"line":149,"column":29},"end":{"line":149,"column":30}},"loc":{"start":{"line":150,"column":18},"end":{"line":170,"column":23}},"line":150},"20":{"name":"(anonymous_20)","decl":{"start":{"line":158,"column":33},"end":{"line":158,"column":34}},"loc":{"start":{"line":158,"column":39},"end":{"line":158,"column":56}},"line":158},"21":{"name":"(anonymous_21)","decl":{"start":{"line":165,"column":33},"end":{"line":165,"column":34}},"loc":{"start":{"line":165,"column":39},"end":{"line":165,"column":61}},"line":165}},"branchMap":{"0":{"loc":{"start":{"line":23,"column":22},"end":{"line":23,"column":32}},"type":"binary-expr","locations":[{"start":{"line":23,"column":22},"end":{"line":23,"column":26}},{"start":{"line":23,"column":30},"end":{"line":23,"column":32}}],"line":23},"1":{"loc":{"start":{"line":27,"column":15},"end":{"line":27,"column":56}},"type":"binary-expr","locations":[{"start":{"line":27,"column":15},"end":{"line":27,"column":27}},{"start":{"line":27,"column":31},"end":{"line":27,"column":56}}],"line":27},"2":{"loc":{"start":{"line":44,"column":4},"end":{"line":44,"column":31}},"type":"if","locations":[{"start":{"line":44,"column":4},"end":{"line":44,"column":31}},{"start":{},"end":{}}],"line":44},"3":{"loc":{"start":{"line":54,"column":6},"end":{"line":60,"column":7}},"type":"if","locations":[{"start":{"line":54,"column":6},"end":{"line":60,"column":7}},{"start":{"line":57,"column":13},"end":{"line":60,"column":7}}],"line":54},"4":{"loc":{"start":{"line":56,"column":49},"end":{"line":56,"column":84}},"type":"cond-expr","locations":[{"start":{"line":56,"column":73},"end":{"line":56,"column":77}},{"start":{"line":56,"column":80},"end":{"line":56,"column":84}}],"line":56},"5":{"loc":{"start":{"line":64,"column":15},"end":{"line":64,"column":56}},"type":"binary-expr","locations":[{"start":{"line":64,"column":15},"end":{"line":64,"column":27}},{"start":{"line":64,"column":31},"end":{"line":64,"column":56}}],"line":64},"6":{"loc":{"start":{"line":79,"column":15},"end":{"line":79,"column":47}},"type":"binary-expr","locations":[{"start":{"line":79,"column":15},"end":{"line":79,"column":27}},{"start":{"line":79,"column":31},"end":{"line":79,"column":47}}],"line":79},"7":{"loc":{"start":{"line":94,"column":38},"end":{"line":94,"column":86}},"type":"cond-expr","locations":[{"start":{"line":94,"column":50},"end":{"line":94,"column":62}},{"start":{"line":94,"column":65},"end":{"line":94,"column":86}}],"line":94},"8":{"loc":{"start":{"line":95,"column":11},"end":{"line":95,"column":82}},"type":"binary-expr","locations":[{"start":{"line":95,"column":11},"end":{"line":95,"column":16}},{"start":{"line":95,"column":20},"end":{"line":95,"column":82}}],"line":95},"9":{"loc":{"start":{"line":122,"column":19},"end":{"line":122,"column":50}},"type":"cond-expr","locations":[{"start":{"line":122,"column":31},"end":{"line":122,"column":39}},{"start":{"line":122,"column":42},"end":{"line":122,"column":50}}],"line":122},"10":{"loc":{"start":{"line":124,"column":17},"end":{"line":128,"column":17}},"type":"binary-expr","locations":[{"start":{"line":124,"column":17},"end":{"line":124,"column":26}},{"start":{"line":125,"column":18},"end":{"line":127,"column":27}}],"line":124},"11":{"loc":{"start":{"line":172,"column":17},"end":{"line":178,"column":17}},"type":"binary-expr","locations":[{"start":{"line":172,"column":17},"end":{"line":172,"column":32}},{"start":{"line":173,"column":18},"end":{"line":177,"column":23}}],"line":172},"12":{"loc":{"start":{"line":175,"column":23},"end":{"line":175,"column":65}},"type":"cond-expr","locations":[{"start":{"line":175,"column":33},"end":{"line":175,"column":45}},{"start":{"line":175,"column":48},"end":{"line":175,"column":65}}],"line":175}},"s":{"0":1,"1":1,"2":0,"3":0,"4":0,"5":0,"6":0,"7":0,"8":0,"9":0,"10":0,"11":0,"12":0,"13":0,"14":0,"15":0,"16":0,"17":0,"18":0,"19":0,"20":0,"21":0,"22":0,"23":0,"24":0,"25":0,"26":0,"27":0,"28":0,"29":0,"30":0,"31":0,"32":0,"33":0,"34":0,"35":0,"36":0,"37":0,"38":0,"39":0,"40":0,"41":0,"42":0,"43":0,"44":0,"45":0,"46":0,"47":0,"48":0,"49":0,"50":0,"51":0,"52":0,"53":0,"54":0,"55":0,"56":0,"57":0,"58":0,"59":0,"60":0,"61":0},"f":{"0":0,"1":0,"2":0,"3":0,"4":0,"5":0,"6":0,"7":0,"8":0,"9":0,"10":0,"11":0,"12":0,"13":0,"14":0,"15":0,"16":0,"17":0,"18":0,"19":0,"20":0,"21":0},"b":{"0":[0,0],"1":[0,0],"2":[0,0],"3":[0,0],"4":[0,0],"5":[0,0],"6":[0,0],"7":[0,0],"8":[0,0],"9":[0,0],"10":[0,0],"11":[0,0],"12":[0,0]},"_coverageSchema":"1a1c01bbd47fc00a2c39e90264f33305004495a9","hash":"98c3495997e2f68cae191388e2b9d070c27cca19"}
,"D:\\frontend\\src\\components\\FieldTable.jsx": {"path":"D:\\frontend\\src\\components\\FieldTable.jsx","statementMap":{"0":{"start":{"line":22,"column":19},"end":{"line":22,"column":83}},"1":{"start":{"line":23,"column":17},"end":{"line":23,"column":54}},"2":{"start":{"line":25,"column":19},"end":{"line":372,"column":1}},"3":{"start":{"line":26,"column":32},"end":{"line":26,"column":44}},"4":{"start":{"line":27,"column":26},"end":{"line":27,"column":69}},"5":{"start":{"line":28,"column":36},"end":{"line":28,"column":50}},"6":{"start":{"line":29,"column":28},"end":{"line":29,"column":40}},"7":{"start":{"line":31,"column":25},"end":{"line":45,"column":3}},"8":{"start":{"line":32,"column":17},"end":{"line":32,"column":105}},"9":{"start":{"line":32,"column":57},"end":{"line":32,"column":104}},"10":{"start":{"line":33,"column":23},"end":{"line":33,"column":25}},"11":{"start":{"line":34,"column":4},"end":{"line":37,"column":7}},"12":{"start":{"line":35,"column":28},"end":{"line":35,"column":73}},"13":{"start":{"line":36,"column":6},"end":{"line":36,"column":40}},"14":{"start":{"line":38,"column":4},"end":{"line":43,"column":7}},"15":{"start":{"line":39,"column":6},"end":{"line":41,"column":7}},"16":{"start":{"line":40,"column":8},"end":{"line":40,"column":56}},"17":{"start":{"line":42,"column":6},"end":{"line":42,"column":25}},"18":{"start":{"line":44,"column":4},"end":{"line":44,"column":27}},"19":{"start":{"line":47,"column":2},"end":{"line":49,"column":9}},"20":{"start":{"line":48,"column":4},"end":{"line":48,"column":21}},"21":{"start":{"line":51,"column":25},"end":{"line":100,"column":3}},"22":{"start":{"line":52,"column":4},"end":{"line":52,"column":23}},"23":{"start":{"line":53,"column":4},"end":{"line":53,"column":53}},"24":{"start":{"line":53,"column":46},"end":{"line":53,"column":53}},"25":{"start":{"line":54,"column":4},"end":{"line":54,"column":17}},"26":{"start":{"line":56,"column":22},"end":{"line":56,"column":44}},"27":{"start":{"line":57,"column":26},"end":{"line":57,"column":77}},"28":{"start":{"line":60,"column":26},"end":{"line":62,"column":5}},"29":{"start":{"line":61,"column":17},"end":{"line":61,"column":74}},"30":{"start":{"line":64,"column":4},"end":{"line":97,"column":5}},"31":{"start":{"line":66,"column":6},"end":{"line":66,"column":69}},"32":{"start":{"line":67,"column":6},"end":{"line":67,"column":69}},"33":{"start":{"line":70,"column":6},"end":{"line":76,"column":8}},"34":{"start":{"line":71,"column":8},"end":{"line":75,"column":9}},"35":{"start":{"line":72,"column":10},"end":{"line":74,"column":18}},"36":{"start":{"line":77,"column":6},"end":{"line":77,"column":19}},"37":{"start":{"line":80,"column":23},"end":{"line":86,"column":7}},"38":{"start":{"line":88,"column":6},"end":{"line":88,"column":35}},"39":{"start":{"line":89,"column":6},"end":{"line":89,"column":69}},"40":{"start":{"line":91,"column":6},"end":{"line":96,"column":10}},"41":{"start":{"line":91,"column":27},"end":{"line":96,"column":8}},"42":{"start":{"line":92,"column":8},"end":{"line":94,"column":9}},"43":{"start":{"line":93,"column":10},"end":{"line":93,"column":58}},"44":{"start":{"line":95,"column":8},"end":{"line":95,"column":27}},"45":{"start":{"line":99,"column":4},"end":{"line":99,"column":47}},"46":{"start":{"line":102,"column":21},"end":{"line":109,"column":3}},"47":{"start":{"line":103,"column":4},"end":{"line":106,"column":5}},"48":{"start":{"line":104,"column":6},"end":{"line":104,"column":54}},"49":{"start":{"line":105,"column":6},"end":{"line":105,"column":13}},"50":{"start":{"line":107,"column":4},"end":{"line":107,"column":27}},"51":{"start":{"line":108,"column":4},"end":{"line":108,"column":65}},"52":{"start":{"line":111,"column":28},"end":{"line":144,"column":3}},"53":{"start":{"line":112,"column":4},"end":{"line":112,"column":23}},"54":{"start":{"line":113,"column":4},"end":{"line":113,"column":31}},"55":{"start":{"line":113,"column":24},"end":{"line":113,"column":31}},"56":{"start":{"line":115,"column":18},"end":{"line":115,"column":57}},"57":{"start":{"line":115,"column":38},"end":{"line":115,"column":56}},"58":{"start":{"line":116,"column":4},"end":{"line":119,"column":5}},"59":{"start":{"line":117,"column":6},"end":{"line":117,"column":54}},"60":{"start":{"line":118,"column":6},"end":{"line":118,"column":13}},"61":{"start":{"line":122,"column":22},"end":{"line":122,"column":50}},"62":{"start":{"line":123,"column":26},"end":{"line":123,"column":77}},"63":{"start":{"line":124,"column":20},"end":{"line":124,"column":70}},"64":{"start":{"line":124,"column":51},"end":{"line":124,"column":69}},"65":{"start":{"line":126,"column":28},"end":{"line":128,"column":5}},"66":{"start":{"line":127,"column":13},"end":{"line":127,"column":88}},"67":{"start":{"line":130,"column":4},"end":{"line":133,"column":5}},"68":{"start":{"line":131,"column":6},"end":{"line":131,"column":87}},"69":{"start":{"line":132,"column":6},"end":{"line":132,"column":13}},"70":{"start":{"line":135,"column":4},"end":{"line":141,"column":5}},"71":{"start":{"line":136,"column":6},"end":{"line":136,"column":116}},"72":{"start":{"line":137,"column":6},"end":{"line":137,"column":69}},"73":{"start":{"line":138,"column":6},"end":{"line":140,"column":8}},"74":{"start":{"line":139,"column":8},"end":{"line":139,"column":127}},"75":{"start":{"line":139,"column":28},"end":{"line":139,"column":125}},"76":{"start":{"line":142,"column":4},"end":{"line":142,"column":23}},"77":{"start":{"line":143,"column":4},"end":{"line":143,"column":47}},"78":{"start":{"line":146,"column":28},"end":{"line":160,"column":3}},"79":{"start":{"line":147,"column":18},"end":{"line":147,"column":50}},"80":{"start":{"line":147,"column":38},"end":{"line":147,"column":49}},"81":{"start":{"line":148,"column":4},"end":{"line":148,"column":23}},"82":{"start":{"line":148,"column":16},"end":{"line":148,"column":23}},"83":{"start":{"line":150,"column":4},"end":{"line":153,"column":5}},"84":{"start":{"line":151,"column":6},"end":{"line":151,"column":56}},"85":{"start":{"line":152,"column":6},"end":{"line":152,"column":13}},"86":{"start":{"line":155,"column":22},"end":{"line":155,"column":50}},"87":{"start":{"line":156,"column":26},"end":{"line":156,"column":77}},"88":{"start":{"line":157,"column":20},"end":{"line":157,"column":60}},"89":{"start":{"line":157,"column":48},"end":{"line":157,"column":59}},"90":{"start":{"line":158,"column":4},"end":{"line":158,"column":61}},"91":{"start":{"line":159,"column":4},"end":{"line":159,"column":64}},"92":{"start":{"line":159,"column":25},"end":{"line":159,"column":62}},"93":{"start":{"line":159,"column":47},"end":{"line":159,"column":61}},"94":{"start":{"line":162,"column":29},"end":{"line":178,"column":3}},"95":{"start":{"line":163,"column":4},"end":{"line":163,"column":34}},"96":{"start":{"line":163,"column":27},"end":{"line":163,"column":34}},"97":{"start":{"line":165,"column":18},"end":{"line":165,"column":50}},"98":{"start":{"line":165,"column":38},"end":{"line":165,"column":49}},"99":{"start":{"line":166,"column":4},"end":{"line":166,"column":23}},"100":{"start":{"line":166,"column":16},"end":{"line":166,"column":23}},"101":{"start":{"line":168,"column":22},"end":{"line":168,"column":50}},"102":{"start":{"line":169,"column":26},"end":{"line":169,"column":77}},"103":{"start":{"line":170,"column":16},"end":{"line":170,"column":59}},"104":{"start":{"line":170,"column":47},"end":{"line":170,"column":58}},"105":{"start":{"line":171,"column":4},"end":{"line":177,"column":5}},"106":{"start":{"line":172,"column":6},"end":{"line":172,"column":44}},"107":{"start":{"line":173,"column":6},"end":{"line":173,"column":69}},"108":{"start":{"line":174,"column":6},"end":{"line":176,"column":8}},"109":{"start":{"line":175,"column":8},"end":{"line":175,"column":84}},"110":{"start":{"line":175,"column":28},"end":{"line":175,"column":82}},"111":{"start":{"line":180,"column":2},"end":{"line":371,"column":4}},"112":{"start":{"line":188,"column":53},"end":{"line":188,"column":71}},"113":{"start":{"line":192,"column":76},"end":{"line":192,"column":88}},"114":{"start":{"line":199,"column":35},"end":{"line":199,"column":83}},"115":{"start":{"line":199,"column":51},"end":{"line":199,"column":81}},"116":{"start":{"line":203,"column":20},"end":{"line":203,"column":71}},"117":{"start":{"line":210,"column":35},"end":{"line":210,"column":87}},"118":{"start":{"line":210,"column":51},"end":{"line":210,"column":85}},"119":{"start":{"line":219,"column":64},"end":{"line":219,"column":83}},"120":{"start":{"line":219,"column":84},"end":{"line":219,"column":127}},"121":{"start":{"line":219,"column":128},"end":{"line":219,"column":141}},"122":{"start":{"line":255,"column":40},"end":{"line":257,"column":27}},"123":{"start":{"line":256,"column":42},"end":{"line":256,"column":97}},"124":{"start":{"line":259,"column":16},"end":{"line":346,"column":18}},"125":{"start":{"line":261,"column":39},"end":{"line":261,"column":119}},"126":{"start":{"line":262,"column":36},"end":{"line":262,"column":46}},"127":{"start":{"line":263,"column":38},"end":{"line":263,"column":69}},"128":{"start":{"line":264,"column":44},"end":{"line":264,"column":61}},"129":{"start":{"line":266,"column":20},"end":{"line":336,"column":22}},"130":{"start":{"line":283,"column":47},"end":{"line":283,"column":91}},"131":{"start":{"line":287,"column":32},"end":{"line":287,"column":89}},"132":{"start":{"line":316,"column":45},"end":{"line":316,"column":62}},"133":{"start":{"line":326,"column":45},"end":{"line":326,"column":72}},"134":{"start":{"line":356,"column":36},"end":{"line":358,"column":23}},"135":{"start":{"line":357,"column":38},"end":{"line":357,"column":93}},"136":{"start":{"line":359,"column":12},"end":{"line":366,"column":14}},"137":{"start":{"line":362,"column":64},"end":{"line":362,"column":99}},"138":{"start":{"line":363,"column":67},"end":{"line":363,"column":92}},"139":{"start":{"line":364,"column":65},"end":{"line":364,"column":88}}},"fnMap":{"0":{"name":"(anonymous_0)","decl":{"start":{"line":25,"column":19},"end":{"line":25,"column":20}},"loc":{"start":{"line":25,"column":59},"end":{"line":372,"column":1}},"line":25},"1":{"name":"(anonymous_1)","decl":{"start":{"line":31,"column":25},"end":{"line":31,"column":26}},"loc":{"start":{"line":31,"column":31},"end":{"line":45,"column":3}},"line":31},"2":{"name":"(anonymous_2)","decl":{"start":{"line":32,"column":50},"end":{"line":32,"column":51}},"loc":{"start":{"line":32,"column":57},"end":{"line":32,"column":104}},"line":32},"3":{"name":"(anonymous_3)","decl":{"start":{"line":34,"column":17},"end":{"line":34,"column":18}},"loc":{"start":{"line":34,"column":26},"end":{"line":37,"column":5}},"line":34},"4":{"name":"(anonymous_4)","decl":{"start":{"line":38,"column":20},"end":{"line":38,"column":21}},"loc":{"start":{"line":38,"column":30},"end":{"line":43,"column":5}},"line":38},"5":{"name":"(anonymous_5)","decl":{"start":{"line":47,"column":12},"end":{"line":47,"column":13}},"loc":{"start":{"line":47,"column":18},"end":{"line":49,"column":3}},"line":47},"6":{"name":"(anonymous_6)","decl":{"start":{"line":51,"column":25},"end":{"line":51,"column":26}},"loc":{"start":{"line":51,"column":32},"end":{"line":100,"column":3}},"line":51},"7":{"name":"(anonymous_7)","decl":{"start":{"line":61,"column":6},"end":{"line":61,"column":7}},"loc":{"start":{"line":61,"column":17},"end":{"line":61,"column":74}},"line":61},"8":{"name":"(anonymous_8)","decl":{"start":{"line":70,"column":17},"end":{"line":70,"column":18}},"loc":{"start":{"line":71,"column":8},"end":{"line":75,"column":9}},"line":71},"9":{"name":"(anonymous_9)","decl":{"start":{"line":71,"column":17},"end":{"line":71,"column":18}},"loc":{"start":{"line":72,"column":10},"end":{"line":74,"column":18}},"line":72},"10":{"name":"(anonymous_10)","decl":{"start":{"line":91,"column":17},"end":{"line":91,"column":18}},"loc":{"start":{"line":91,"column":27},"end":{"line":96,"column":8}},"line":91},"11":{"name":"(anonymous_11)","decl":{"start":{"line":91,"column":52},"end":{"line":91,"column":53}},"loc":{"start":{"line":91,"column":62},"end":{"line":96,"column":7}},"line":91},"12":{"name":"(anonymous_12)","decl":{"start":{"line":102,"column":21},"end":{"line":102,"column":22}},"loc":{"start":{"line":102,"column":32},"end":{"line":109,"column":3}},"line":102},"13":{"name":"(anonymous_13)","decl":{"start":{"line":111,"column":28},"end":{"line":111,"column":29}},"loc":{"start":{"line":111,"column":35},"end":{"line":144,"column":3}},"line":111},"14":{"name":"(anonymous_14)","decl":{"start":{"line":115,"column":31},"end":{"line":115,"column":32}},"loc":{"start":{"line":115,"column":38},"end":{"line":115,"column":56}},"line":115},"15":{"name":"(anonymous_15)","decl":{"start":{"line":124,"column":44},"end":{"line":124,"column":45}},"loc":{"start":{"line":124,"column":51},"end":{"line":124,"column":69}},"line":124},"16":{"name":"(anonymous_16)","decl":{"start":{"line":127,"column":6},"end":{"line":127,"column":7}},"loc":{"start":{"line":127,"column":13},"end":{"line":127,"column":88}},"line":127},"17":{"name":"(anonymous_17)","decl":{"start":{"line":138,"column":17},"end":{"line":138,"column":18}},"loc":{"start":{"line":139,"column":8},"end":{"line":139,"column":127}},"line":139},"18":{"name":"(anonymous_18)","decl":{"start":{"line":139,"column":17},"end":{"line":139,"column":18}},"loc":{"start":{"line":139,"column":28},"end":{"line":139,"column":125}},"line":139},"19":{"name":"(anonymous_19)","decl":{"start":{"line":146,"column":28},"end":{"line":146,"column":29}},"loc":{"start":{"line":146,"column":36},"end":{"line":160,"column":3}},"line":146},"20":{"name":"(anonymous_20)","decl":{"start":{"line":147,"column":31},"end":{"line":147,"column":32}},"loc":{"start":{"line":147,"column":38},"end":{"line":147,"column":49}},"line":147},"21":{"name":"(anonymous_21)","decl":{"start":{"line":157,"column":41},"end":{"line":157,"column":42}},"loc":{"start":{"line":157,"column":48},"end":{"line":157,"column":59}},"line":157},"22":{"name":"(anonymous_22)","decl":{"start":{"line":159,"column":15},"end":{"line":159,"column":16}},"loc":{"start":{"line":159,"column":25},"end":{"line":159,"column":62}},"line":159},"23":{"name":"(anonymous_23)","decl":{"start":{"line":159,"column":37},"end":{"line":159,"column":38}},"loc":{"start":{"line":159,"column":47},"end":{"line":159,"column":61}},"line":159},"24":{"name":"(anonymous_24)","decl":{"start":{"line":162,"column":29},"end":{"line":162,"column":30}},"loc":{"start":{"line":162,"column":48},"end":{"line":178,"column":3}},"line":162},"25":{"name":"(anonymous_25)","decl":{"start":{"line":165,"column":31},"end":{"line":165,"column":32}},"loc":{"start":{"line":165,"column":38},"end":{"line":165,"column":49}},"line":165},"26":{"name":"(anonymous_26)","decl":{"start":{"line":170,"column":40},"end":{"line":170,"column":41}},"loc":{"start":{"line":170,"column":47},"end":{"line":170,"column":58}},"line":170},"27":{"name":"(anonymous_27)","decl":{"start":{"line":174,"column":17},"end":{"line":174,"column":18}},"loc":{"start":{"line":175,"column":8},"end":{"line":175,"column":84}},"line":175},"28":{"name":"(anonymous_28)","decl":{"start":{"line":175,"column":17},"end":{"line":175,"column":18}},"loc":{"start":{"line":175,"column":28},"end":{"line":175,"column":82}},"line":175},"29":{"name":"(anonymous_29)","decl":{"start":{"line":188,"column":48},"end":{"line":188,"column":49}},"loc":{"start":{"line":188,"column":53},"end":{"line":188,"column":71}},"line":188},"30":{"name":"(anonymous_30)","decl":{"start":{"line":192,"column":70},"end":{"line":192,"column":71}},"loc":{"start":{"line":192,"column":76},"end":{"line":192,"column":88}},"line":192},"31":{"name":"(anonymous_31)","decl":{"start":{"line":199,"column":28},"end":{"line":199,"column":29}},"loc":{"start":{"line":199,"column":35},"end":{"line":199,"column":83}},"line":199},"32":{"name":"(anonymous_32)","decl":{"start":{"line":199,"column":43},"end":{"line":199,"column":44}},"loc":{"start":{"line":199,"column":51},"end":{"line":199,"column":81}},"line":199},"33":{"name":"(anonymous_33)","decl":{"start":{"line":202,"column":34},"end":{"line":202,"column":35}},"loc":{"start":{"line":203,"column":20},"end":{"line":203,"column":71}},"line":203},"34":{"name":"(anonymous_34)","decl":{"start":{"line":210,"column":28},"end":{"line":210,"column":29}},"loc":{"start":{"line":210,"column":35},"end":{"line":210,"column":87}},"line":210},"35":{"name":"(anonymous_35)","decl":{"start":{"line":210,"column":43},"end":{"line":210,"column":44}},"loc":{"start":{"line":210,"column":51},"end":{"line":210,"column":85}},"line":210},"36":{"name":"(anonymous_36)","decl":{"start":{"line":219,"column":56},"end":{"line":219,"column":57}},"loc":{"start":{"line":219,"column":62},"end":{"line":219,"column":143}},"line":219},"37":{"name":"(anonymous_37)","decl":{"start":{"line":253,"column":16},"end":{"line":253,"column":17}},"loc":{"start":{"line":253,"column":22},"end":{"line":347,"column":15}},"line":253},"38":{"name":"(anonymous_38)","decl":{"start":{"line":256,"column":35},"end":{"line":256,"column":36}},"loc":{"start":{"line":256,"column":42},"end":{"line":256,"column":97}},"line":256},"39":{"name":"(anonymous_39)","decl":{"start":{"line":260,"column":38},"end":{"line":260,"column":39}},"loc":{"start":{"line":260,"column":49},"end":{"line":337,"column":19}},"line":260},"40":{"name":"(anonymous_40)","decl":{"start":{"line":283,"column":40},"end":{"line":283,"column":41}},"loc":{"start":{"line":283,"column":47},"end":{"line":283,"column":91}},"line":283},"41":{"name":"(anonymous_41)","decl":{"start":{"line":286,"column":44},"end":{"line":286,"column":45}},"loc":{"start":{"line":287,"column":32},"end":{"line":287,"column":89}},"line":287},"42":{"name":"(anonymous_42)","decl":{"start":{"line":316,"column":39},"end":{"line":316,"column":40}},"loc":{"start":{"line":316,"column":45},"end":{"line":316,"column":62}},"line":316},"43":{"name":"(anonymous_43)","decl":{"start":{"line":326,"column":39},"end":{"line":326,"column":40}},"loc":{"start":{"line":326,"column":45},"end":{"line":326,"column":72}},"line":326},"44":{"name":"(anonymous_44)","decl":{"start":{"line":355,"column":12},"end":{"line":355,"column":13}},"loc":{"start":{"line":355,"column":18},"end":{"line":367,"column":11}},"line":355},"45":{"name":"(anonymous_45)","decl":{"start":{"line":357,"column":31},"end":{"line":357,"column":32}},"loc":{"start":{"line":357,"column":38},"end":{"line":357,"column":93}},"line":357},"46":{"name":"(anonymous_46)","decl":{"start":{"line":362,"column":57},"end":{"line":362,"column":58}},"loc":{"start":{"line":362,"column":64},"end":{"line":362,"column":99}},"line":362},"47":{"name":"(anonymous_47)","decl":{"start":{"line":363,"column":60},"end":{"line":363,"column":61}},"loc":{"start":{"line":363,"column":67},"end":{"line":363,"column":92}},"line":363},"48":{"name":"(anonymous_48)","decl":{"start":{"line":364,"column":58},"end":{"line":364,"column":59}},"loc":{"start":{"line":364,"column":65},"end":{"line":364,"column":88}},"line":364}},"branchMap":{"0":{"loc":{"start":{"line":25,"column":22},"end":{"line":25,"column":35}},"type":"default-arg","locations":[{"start":{"line":25,"column":29},"end":{"line":25,"column":35}}],"line":25},"1":{"loc":{"start":{"line":25,"column":37},"end":{"line":25,"column":52}},"type":"default-arg","locations":[{"start":{"line":25,"column":50},"end":{"line":25,"column":52}}],"line":25},"2":{"loc":{"start":{"line":32,"column":57},"end":{"line":32,"column":104}},"type":"binary-expr","locations":[{"start":{"line":32,"column":57},"end":{"line":32,"column":80}},{"start":{"line":32,"column":84},"end":{"line":32,"column":104}}],"line":32},"3":{"loc":{"start":{"line":35,"column":39},"end":{"line":35,"column":72}},"type":"binary-expr","locations":[{"start":{"line":35,"column":39},"end":{"line":35,"column":64}},{"start":{"line":35,"column":68},"end":{"line":35,"column":72}}],"line":35},"4":{"loc":{"start":{"line":39,"column":6},"end":{"line":41,"column":7}},"type":"if","locations":[{"start":{"line":39,"column":6},"end":{"line":41,"column":7}},{"start":{},"end":{}}],"line":39},"5":{"loc":{"start":{"line":53,"column":4},"end":{"line":53,"column":53}},"type":"if","locations":[{"start":{"line":53,"column":4},"end":{"line":53,"column":53}},{"start":{},"end":{}}],"line":53},"6":{"loc":{"start":{"line":53,"column":8},"end":{"line":53,"column":44}},"type":"binary-expr","locations":[{"start":{"line":53,"column":8},"end":{"line":53,"column":22}},{"start":{"line":53,"column":26},"end":{"line":53,"column":44}}],"line":53},"7":{"loc":{"start":{"line":57,"column":37},"end":{"line":57,"column":76}},"type":"binary-expr","locations":[{"start":{"line":57,"column":37},"end":{"line":57,"column":68}},{"start":{"line":57,"column":72},"end":{"line":57,"column":76}}],"line":57},"8":{"loc":{"start":{"line":64,"column":4},"end":{"line":97,"column":5}},"type":"if","locations":[{"start":{"line":64,"column":4},"end":{"line":97,"column":5}},{"start":{"line":78,"column":11},"end":{"line":97,"column":5}}],"line":64},"9":{"loc":{"start":{"line":72,"column":10},"end":{"line":74,"column":18}},"type":"cond-expr","locations":[{"start":{"line":73,"column":14},"end":{"line":73,"column":74}},{"start":{"line":74,"column":14},"end":{"line":74,"column":18}}],"line":72},"10":{"loc":{"start":{"line":92,"column":8},"end":{"line":94,"column":9}},"type":"if","locations":[{"start":{"line":92,"column":8},"end":{"line":94,"column":9}},{"start":{},"end":{}}],"line":92},"11":{"loc":{"start":{"line":103,"column":4},"end":{"line":106,"column":5}},"type":"if","locations":[{"start":{"line":103,"column":4},"end":{"line":106,"column":5}},{"start":{},"end":{}}],"line":103},"12":{"loc":{"start":{"line":103,"column":8},"end":{"line":103,"column":88}},"type":"binary-expr","locations":[{"start":{"line":103,"column":8},"end":{"line":103,"column":25}},{"start":{"line":103,"column":29},"end":{"line":103,"column":88}}],"line":103},"13":{"loc":{"start":{"line":113,"column":4},"end":{"line":113,"column":31}},"type":"if","locations":[{"start":{"line":113,"column":4},"end":{"line":113,"column":31}},{"start":{},"end":{}}],"line":113},"14":{"loc":{"start":{"line":116,"column":4},"end":{"line":119,"column":5}},"type":"if","locations":[{"start":{"line":116,"column":4},"end":{"line":119,"column":5}},{"start":{},"end":{}}],"line":116},"15":{"loc":{"start":{"line":123,"column":37},"end":{"line":123,"column":76}},"type":"binary-expr","locations":[{"start":{"line":123,"column":37},"end":{"line":123,"column":68}},{"start":{"line":123,"column":72},"end":{"line":123,"column":76}}],"line":123},"16":{"loc":{"start":{"line":127,"column":13},"end":{"line":127,"column":88}},"type":"binary-expr","locations":[{"start":{"line":127,"column":13},"end":{"line":127,"column":31}},{"start":{"line":127,"column":35},"end":{"line":127,"column":88}}],"line":127},"17":{"loc":{"start":{"line":130,"column":4},"end":{"line":133,"column":5}},"type":"if","locations":[{"start":{"line":130,"column":4},"end":{"line":133,"column":5}},{"start":{},"end":{}}],"line":130},"18":{"loc":{"start":{"line":135,"column":4},"end":{"line":141,"column":5}},"type":"if","locations":[{"start":{"line":135,"column":4},"end":{"line":141,"column":5}},{"start":{},"end":{}}],"line":135},"19":{"loc":{"start":{"line":139,"column":28},"end":{"line":139,"column":125}},"type":"cond-expr","locations":[{"start":{"line":139,"column":52},"end":{"line":139,"column":118}},{"start":{"line":139,"column":121},"end":{"line":139,"column":125}}],"line":139},"20":{"loc":{"start":{"line":148,"column":4},"end":{"line":148,"column":23}},"type":"if","locations":[{"start":{"line":148,"column":4},"end":{"line":148,"column":23}},{"start":{},"end":{}}],"line":148},"21":{"loc":{"start":{"line":150,"column":4},"end":{"line":153,"column":5}},"type":"if","locations":[{"start":{"line":150,"column":4},"end":{"line":153,"column":5}},{"start":{},"end":{}}],"line":150},"22":{"loc":{"start":{"line":150,"column":8},"end":{"line":150,"column":88}},"type":"binary-expr","locations":[{"start":{"line":150,"column":8},"end":{"line":150,"column":25}},{"start":{"line":150,"column":29},"end":{"line":150,"column":88}}],"line":150},"23":{"loc":{"start":{"line":156,"column":37},"end":{"line":156,"column":76}},"type":"binary-expr","locations":[{"start":{"line":156,"column":37},"end":{"line":156,"column":68}},{"start":{"line":156,"column":72},"end":{"line":156,"column":76}}],"line":156},"24":{"loc":{"start":{"line":163,"column":4},"end":{"line":163,"column":34}},"type":"if","locations":[{"start":{"line":163,"column":4},"end":{"line":163,"column":34}},{"start":{},"end":{}}],"line":163},"25":{"loc":{"start":{"line":166,"column":4},"end":{"line":166,"column":23}},"type":"if","locations":[{"start":{"line":166,"column":4},"end":{"line":166,"column":23}},{"start":{},"end":{}}],"line":166},"26":{"loc":{"start":{"line":169,"column":37},"end":{"line":169,"column":76}},"type":"binary-expr","locations":[{"start":{"line":169,"column":37},"end":{"line":169,"column":68}},{"start":{"line":169,"column":72},"end":{"line":169,"column":76}}],"line":169},"27":{"loc":{"start":{"line":171,"column":4},"end":{"line":177,"column":5}},"type":"if","locations":[{"start":{"line":171,"column":4},"end":{"line":177,"column":5}},{"start":{},"end":{}}],"line":171},"28":{"loc":{"start":{"line":175,"column":28},"end":{"line":175,"column":82}},"type":"cond-expr","locations":[{"start":{"line":175,"column":45},"end":{"line":175,"column":75}},{"start":{"line":175,"column":78},"end":{"line":175,"column":82}}],"line":175},"29":{"loc":{"start":{"line":182,"column":7},"end":{"line":228,"column":7}},"type":"binary-expr","locations":[{"start":{"line":182,"column":7},"end":{"line":182,"column":24}},{"start":{"line":183,"column":8},"end":{"line":227,"column":11}}],"line":182},"30":{"loc":{"start":{"line":187,"column":15},"end":{"line":189,"column":39}},"type":"cond-expr","locations":[{"start":{"line":188,"column":18},"end":{"line":188,"column":91}},{"start":{"line":189,"column":18},"end":{"line":189,"column":39}}],"line":187},"31":{"loc":{"start":{"line":188,"column":35},"end":{"line":188,"column":89}},"type":"binary-expr","locations":[{"start":{"line":188,"column":35},"end":{"line":188,"column":83}},{"start":{"line":188,"column":87},"end":{"line":188,"column":89}}],"line":188},"32":{"loc":{"start":{"line":192,"column":13},"end":{"line":192,"column":105}},"type":"binary-expr","locations":[{"start":{"line":192,"column":13},"end":{"line":192,"column":18}},{"start":{"line":192,"column":22},"end":{"line":192,"column":105}}],"line":192},"33":{"loc":{"start":{"line":193,"column":28},"end":{"line":193,"column":74}},"type":"cond-expr","locations":[{"start":{"line":193,"column":40},"end":{"line":193,"column":57}},{"start":{"line":193,"column":60},"end":{"line":193,"column":74}}],"line":193},"34":{"loc":{"start":{"line":216,"column":21},"end":{"line":216,"column":52}},"type":"cond-expr","locations":[{"start":{"line":216,"column":33},"end":{"line":216,"column":41}},{"start":{"line":216,"column":44},"end":{"line":216,"column":52}}],"line":216},"35":{"loc":{"start":{"line":218,"column":19},"end":{"line":222,"column":19}},"type":"binary-expr","locations":[{"start":{"line":218,"column":19},"end":{"line":218,"column":28}},{"start":{"line":219,"column":20},"end":{"line":221,"column":29}}],"line":218},"36":{"loc":{"start":{"line":230,"column":7},"end":{"line":237,"column":7}},"type":"binary-expr","locations":[{"start":{"line":230,"column":7},"end":{"line":230,"column":24}},{"start":{"line":231,"column":8},"end":{"line":236,"column":16}}],"line":230},"37":{"loc":{"start":{"line":255,"column":40},"end":{"line":257,"column":27}},"type":"cond-expr","locations":[{"start":{"line":256,"column":20},"end":{"line":256,"column":98}},{"start":{"line":257,"column":20},"end":{"line":257,"column":27}}],"line":255},"38":{"loc":{"start":{"line":259,"column":23},"end":{"line":346,"column":17}},"type":"cond-expr","locations":[{"start":{"line":260,"column":18},"end":{"line":337,"column":20}},{"start":{"line":339,"column":18},"end":{"line":345,"column":29}}],"line":259},"39":{"loc":{"start":{"line":261,"column":39},"end":{"line":261,"column":119}},"type":"binary-expr","locations":[{"start":{"line":261,"column":39},"end":{"line":261,"column":56}},{"start":{"line":261,"column":60},"end":{"line":261,"column":119}}],"line":261},"40":{"loc":{"start":{"line":263,"column":38},"end":{"line":263,"column":69}},"type":"binary-expr","locations":[{"start":{"line":263,"column":38},"end":{"line":263,"column":48}},{"start":{"line":263,"column":52},"end":{"line":263,"column":69}}],"line":263},"41":{"loc":{"start":{"line":270,"column":47},"end":{"line":270,"column":85}},"type":"cond-expr","locations":[{"start":{"line":270,"column":60},"end":{"line":270,"column":69}},{"start":{"line":270,"column":72},"end":{"line":270,"column":85}}],"line":270},"42":{"loc":{"start":{"line":272,"column":53},"end":{"line":272,"column":80}},"type":"cond-expr","locations":[{"start":{"line":272,"column":66},"end":{"line":272,"column":72}},{"start":{"line":272,"column":75},"end":{"line":272,"column":80}}],"line":272},"43":{"loc":{"start":{"line":274,"column":27},"end":{"line":274,"column":107}},"type":"binary-expr","locations":[{"start":{"line":274,"column":27},"end":{"line":274,"column":37}},{"start":{"line":274,"column":41},"end":{"line":274,"column":107}}],"line":274},"44":{"loc":{"start":{"line":279,"column":27},"end":{"line":308,"column":27}},"type":"cond-expr","locations":[{"start":{"line":280,"column":28},"end":{"line":289,"column":37}},{"start":{"line":291,"column":28},"end":{"line":307,"column":35}}],"line":279},"45":{"loc":{"start":{"line":282,"column":37},"end":{"line":282,"column":62}},"type":"binary-expr","locations":[{"start":{"line":282,"column":37},"end":{"line":282,"column":49}},{"start":{"line":282,"column":53},"end":{"line":282,"column":62}}],"line":282},"46":{"loc":{"start":{"line":296,"column":34},"end":{"line":300,"column":47}},"type":"cond-expr","locations":[{"start":{"line":297,"column":38},"end":{"line":297,"column":47}},{"start":{"line":298,"column":38},"end":{"line":300,"column":47}}],"line":296},"47":{"loc":{"start":{"line":298,"column":38},"end":{"line":300,"column":47}},"type":"cond-expr","locations":[{"start":{"line":299,"column":38},"end":{"line":299,"column":47}},{"start":{"line":300,"column":38},"end":{"line":300,"column":47}}],"line":298},"48":{"loc":{"start":{"line":306,"column":31},"end":{"line":306,"column":56}},"type":"binary-expr","locations":[{"start":{"line":306,"column":31},"end":{"line":306,"column":43}},{"start":{"line":306,"column":47},"end":{"line":306,"column":56}}],"line":306},"49":{"loc":{"start":{"line":314,"column":27},"end":{"line":323,"column":27}},"type":"binary-expr","locations":[{"start":{"line":314,"column":27},"end":{"line":314,"column":34}},{"start":{"line":315,"column":28},"end":{"line":322,"column":41}}],"line":314},"50":{"loc":{"start":{"line":324,"column":27},"end":{"line":333,"column":27}},"type":"binary-expr","locations":[{"start":{"line":324,"column":27},"end":{"line":324,"column":36}},{"start":{"line":325,"column":28},"end":{"line":332,"column":41}}],"line":324},"51":{"loc":{"start":{"line":342,"column":25},"end":{"line":342,"column":115}},"type":"cond-expr","locations":[{"start":{"line":342,"column":45},"end":{"line":342,"column":96}},{"start":{"line":342,"column":99},"end":{"line":342,"column":115}}],"line":342},"52":{"loc":{"start":{"line":356,"column":36},"end":{"line":358,"column":23}},"type":"cond-expr","locations":[{"start":{"line":357,"column":16},"end":{"line":357,"column":94}},{"start":{"line":358,"column":16},"end":{"line":358,"column":23}}],"line":356},"53":{"loc":{"start":{"line":362,"column":64},"end":{"line":362,"column":99}},"type":"binary-expr","locations":[{"start":{"line":362,"column":64},"end":{"line":362,"column":73}},{"start":{"line":362,"column":77},"end":{"line":362,"column":99}}],"line":362}},"s":{"0":0,"1":0,"2":0,"3":0,"4":0,"5":0,"6":0,"7":0,"8":0,"9":0,"10":0,"11":0,"12":0,"13":0,"14":0,"15":0,"16":0,"17":0,"18":0,"19":0,"20":0,"21":0,"22":0,"23":0,"24":0,"25":0,"26":0,"27":0,"28":0,"29":0,"30":0,"31":0,"32":0,"33":0,"34":0,"35":0,"36":0,"37":0,"38":0,"39":0,"40":0,"41":0,"42":0,"43":0,"44":0,"45":0,"46":0,"47":0,"48":0,"49":0,"50":0,"51":0,"52":0,"53":0,"54":0,"55":0,"56":0,"57":0,"58":0,"59":0,"60":0,"61":0,"62":0,"63":0,"64":0,"65":0,"66":0,"67":0,"68":0,"69":0,"70":0,"71":0,"72":0,"73":0,"74":0,"75":0,"76":0,"77":0,"78":0,"79":0,"80":0,"81":0,"82":0,"83":0,"84":0,"85":0,"86":0,"87":0,"88":0,"89":0,"90":0,"91":0,"92":0,"93":0,"94":0,"95":0,"96":0,"97":0,"98":0,"99":0,"100":0,"101":0,"102":0,"103":0,"104":0,"105":0,"106":0,"107":0,"108":0,"109":0,"110":0,"111":0,"112":0,"113":0,"114":0,"115":0,"116":0,"117":0,"118":0,"119":0,"120":0,"121":0,"122":0,"123":0,"124":0,"125":0,"126":0,"127":0,"128":0,"129":0,"130":0,"131":0,"132":0,"133":0,"134":0,"135":0,"136":0,"137":0,"138":0,"139":0},"f":{"0":0,"1":0,"2":0,"3":0,"4":0,"5":0,"6":0,"7":0,"8":0,"9":0,"10":0,"11":0,"12":0,"13":0,"14":0,"15":0,"16":0,"17":0,"18":0,"19":0,"20":0,"21":0,"22":0,"23":0,"24":0,"25":0,"26":0,"27":0,"28":0,"29":0,"30":0,"31":0,"32":0,"33":0,"34":0,"35":0,"36":0,"37":0,"38":0,"39":0,"40":0,"41":0,"42":0,"43":0,"44":0,"45":0,"46":0,"47":0,"48":0},"b":{"0":[0],"1":[0],"2":[0,0],"3":[0,0],"4":[0,0],"5":[0,0],"6":[0,0],"7":[0,0],"8":[0,0],"9":[0,0],"10":[0,0],"11":[0,0],"12":[0,0],"13":[0,0],"14":[0,0],"15":[0,0],"16":[0,0],"17":[0,0],"18":[0,0],"19":[0,0],"20":[0,0],"21":[0,0],"22":[0,0],"23":[0,0],"24":[0,0],"25":[0,0],"26":[0,0],"27":[0,0],"28":[0,0],"29":[0,0],"30":[0,0],"31":[0,0],"32":[0,0],"33":[0,0],"34":[0,0],"35":[0,0],"36":[0,0],"37":[0,0],"38":[0,0],"39":[0,0],"40":[0,0],"41":[0,0],"42":[0,0],"43":[0,0],"44":[0,0],"45":[0,0],"46":[0,0],"47":[0,0],"48":[0,0],"49":[0,0],"50":[0,0],"51":[0,0],"52":[0,0],"53":[0,0]}}
,"D:\\frontend\\src\\components\\LoginPage.jsx": {"path":"D:\\frontend\\src\\components\\LoginPage.jsx","statementMap":{"0":{"start":{"line":6,"column":14},"end":{"line":9,"column":1}},"1":{"start":{"line":11,"column":18},"end":{"line":101,"column":1}},"2":{"start":{"line":12,"column":26},"end":{"line":12,"column":44}},"3":{"start":{"line":13,"column":26},"end":{"line":13,"column":38}},"4":{"start":{"line":14,"column":34},"end":{"line":14,"column":46}},"5":{"start":{"line":15,"column":28},"end":{"line":15,"column":40}},"6":{"start":{"line":16,"column":32},"end":{"line":16,"column":47}},"7":{"start":{"line":17,"column":19},"end":{"line":17,"column":32}},"8":{"start":{"line":19,"column":23},"end":{"line":39,"column":3}},"9":{"start":{"line":20,"column":4},"end":{"line":20,"column":23}},"10":{"start":{"line":21,"column":4},"end":{"line":21,"column":17}},"11":{"start":{"line":23,"column":4},"end":{"line":38,"column":5}},"12":{"start":{"line":24,"column":6},"end":{"line":27,"column":7}},"13":{"start":{"line":25,"column":8},"end":{"line":25,"column":51}},"14":{"start":{"line":26,"column":8},"end":{"line":26,"column":15}},"15":{"start":{"line":29,"column":6},"end":{"line":29,"column":23}},"16":{"start":{"line":30,"column":18},"end":{"line":30,"column":65}},"17":{"start":{"line":31,"column":6},"end":{"line":31,"column":57}},"18":{"start":{"line":32,"column":6},"end":{"line":32,"column":58}},"19":{"start":{"line":34,"column":6},"end":{"line":34,"column":42}},"20":{"start":{"line":35,"column":6},"end":{"line":35,"column":66}},"21":{"start":{"line":37,"column":6},"end":{"line":37,"column":24}},"22":{"start":{"line":41,"column":2},"end":{"line":100,"column":4}},"23":{"start":{"line":59,"column":22},"end":{"line":59,"column":46}},"24":{"start":{"line":60,"column":22},"end":{"line":60,"column":34}},"25":{"start":{"line":64,"column":22},"end":{"line":64,"column":78}},"26":{"start":{"line":76,"column":39},"end":{"line":76,"column":62}},"27":{"start":{"line":87,"column":37},"end":{"line":87,"column":64}}},"fnMap":{"0":{"name":"(anonymous_0)","decl":{"start":{"line":11,"column":18},"end":{"line":11,"column":19}},"loc":{"start":{"line":11,"column":35},"end":{"line":101,"column":1}},"line":11},"1":{"name":"(anonymous_1)","decl":{"start":{"line":19,"column":23},"end":{"line":19,"column":24}},"loc":{"start":{"line":19,"column":36},"end":{"line":39,"column":3}},"line":19},"2":{"name":"(anonymous_2)","decl":{"start":{"line":58,"column":30},"end":{"line":58,"column":31}},"loc":{"start":{"line":58,"column":37},"end":{"line":61,"column":21}},"line":58},"3":{"name":"(anonymous_3)","decl":{"start":{"line":63,"column":31},"end":{"line":63,"column":32}},"loc":{"start":{"line":64,"column":22},"end":{"line":64,"column":78}},"line":64},"4":{"name":"(anonymous_4)","decl":{"start":{"line":76,"column":32},"end":{"line":76,"column":33}},"loc":{"start":{"line":76,"column":39},"end":{"line":76,"column":62}},"line":76},"5":{"name":"(anonymous_5)","decl":{"start":{"line":87,"column":30},"end":{"line":87,"column":31}},"loc":{"start":{"line":87,"column":37},"end":{"line":87,"column":64}},"line":87}},"branchMap":{"0":{"loc":{"start":{"line":24,"column":6},"end":{"line":27,"column":7}},"type":"if","locations":[{"start":{"line":24,"column":6},"end":{"line":27,"column":7}},{"start":{},"end":{}}],"line":24},"1":{"loc":{"start":{"line":24,"column":10},"end":{"line":24,"column":43}},"type":"binary-expr","locations":[{"start":{"line":24,"column":10},"end":{"line":24,"column":27}},{"start":{"line":24,"column":31},"end":{"line":24,"column":43}}],"line":24},"2":{"loc":{"start":{"line":31,"column":14},"end":{"line":31,"column":30}},"type":"binary-expr","locations":[{"start":{"line":31,"column":14},"end":{"line":31,"column":22}},{"start":{"line":31,"column":26},"end":{"line":31,"column":30}}],"line":31},"3":{"loc":{"start":{"line":31,"column":32},"end":{"line":31,"column":55}},"type":"binary-expr","locations":[{"start":{"line":31,"column":32},"end":{"line":31,"column":40}},{"start":{"line":31,"column":44},"end":{"line":31,"column":55}}],"line":31},"4":{"loc":{"start":{"line":32,"column":15},"end":{"line":32,"column":56}},"type":"cond-expr","locations":[{"start":{"line":32,"column":35},"end":{"line":32,"column":44}},{"start":{"line":32,"column":47},"end":{"line":32,"column":56}}],"line":32},"5":{"loc":{"start":{"line":35,"column":15},"end":{"line":35,"column":64}},"type":"binary-expr","locations":[{"start":{"line":35,"column":15},"end":{"line":35,"column":27}},{"start":{"line":35,"column":31},"end":{"line":35,"column":64}}],"line":35},"6":{"loc":{"start":{"line":50,"column":15},"end":{"line":50,"column":86}},"type":"binary-expr","locations":[{"start":{"line":50,"column":15},"end":{"line":50,"column":20}},{"start":{"line":50,"column":24},"end":{"line":50,"column":86}}],"line":50},"7":{"loc":{"start":{"line":69,"column":17},"end":{"line":79,"column":17}},"type":"binary-expr","locations":[{"start":{"line":69,"column":17},"end":{"line":69,"column":34}},{"start":{"line":70,"column":18},"end":{"line":78,"column":24}}],"line":69},"8":{"loc":{"start":{"line":92,"column":19},"end":{"line":92,"column":57}},"type":"cond-expr","locations":[{"start":{"line":92,"column":29},"end":{"line":92,"column":44}},{"start":{"line":92,"column":47},"end":{"line":92,"column":57}}],"line":92}},"s":{"0":1,"1":1,"2":1,"3":1,"4":1,"5":1,"6":1,"7":1,"8":1,"9":0,"10":0,"11":0,"12":0,"13":0,"14":0,"15":0,"16":0,"17":0,"18":0,"19":0,"20":0,"21":0,"22":1,"23":0,"24":0,"25":2,"26":0,"27":0},"f":{"0":1,"1":0,"2":0,"3":2,"4":0,"5":0},"b":{"0":[0,0],"1":[0,0],"2":[0,0],"3":[0,0],"4":[0,0],"5":[0,0],"6":[1,0],"7":[1,1],"8":[0,1]},"_coverageSchema":"1a1c01bbd47fc00a2c39e90264f33305004495a9","hash":"43863b6e14f60e5d57a87308714423021d435eca"}
,"D:\\frontend\\src\\components\\Navbar.jsx": {"path":"D:\\frontend\\src\\components\\Navbar.jsx","statementMap":{"0":{"start":{"line":4,"column":15},"end":{"line":56,"column":1}},"1":{"start":{"line":5,"column":19},"end":{"line":5,"column":32}},"2":{"start":{"line":7,"column":23},"end":{"line":10,"column":3}},"3":{"start":{"line":8,"column":4},"end":{"line":8,"column":15}},"4":{"start":{"line":9,"column":4},"end":{"line":9,"column":18}},"5":{"start":{"line":12,"column":2},"end":{"line":55,"column":4}}},"fnMap":{"0":{"name":"(anonymous_0)","decl":{"start":{"line":4,"column":15},"end":{"line":4,"column":16}},"loc":{"start":{"line":4,"column":39},"end":{"line":56,"column":1}},"line":4},"1":{"name":"(anonymous_1)","decl":{"start":{"line":7,"column":23},"end":{"line":7,"column":24}},"loc":{"start":{"line":7,"column":29},"end":{"line":10,"column":3}},"line":7}},"branchMap":{"0":{"loc":{"start":{"line":29,"column":13},"end":{"line":33,"column":13}},"type":"binary-expr","locations":[{"start":{"line":29,"column":13},"end":{"line":29,"column":30}},{"start":{"line":30,"column":14},"end":{"line":32,"column":19}}],"line":29},"1":{"loc":{"start":{"line":34,"column":13},"end":{"line":38,"column":13}},"type":"binary-expr","locations":[{"start":{"line":34,"column":13},"end":{"line":34,"column":30}},{"start":{"line":35,"column":14},"end":{"line":37,"column":19}}],"line":34},"2":{"loc":{"start":{"line":39,"column":13},"end":{"line":43,"column":13}},"type":"binary-expr","locations":[{"start":{"line":39,"column":13},"end":{"line":39,"column":17}},{"start":{"line":40,"column":14},"end":{"line":42,"column":19}}],"line":39},"3":{"loc":{"start":{"line":44,"column":13},"end":{"line":50,"column":13}},"type":"binary-expr","locations":[{"start":{"line":44,"column":13},"end":{"line":44,"column":17}},{"start":{"line":45,"column":14},"end":{"line":49,"column":19}}],"line":44}},"s":{"0":1,"1":1,"2":1,"3":0,"4":0,"5":1},"f":{"0":1,"1":0},"b":{"0":[1,0],"1":[1,0],"2":[1,0],"3":[1,0]},"_coverageSchema":"1a1c01bbd47fc00a2c39e90264f33305004495a9","hash":"07bc75e3c3a0c5fa41eb8bbd581850acd9f25027"}
,"D:\\frontend\\src\\components\\StatisticsDashboard.jsx": {"path":"D:\\frontend\\src\\components\\StatisticsDashboard.jsx","statementMap":{"0":{"start":{"line":4,"column":28},"end":{"line":151,"column":1}},"1":{"start":{"line":5,"column":28},"end":{"line":5,"column":42}},"2":{"start":{"line":6,"column":32},"end":{"line":6,"column":46}},"3":{"start":{"line":7,"column":28},"end":{"line":7,"column":40}},"4":{"start":{"line":9,"column":2},"end":{"line":11,"column":9}},"5":{"start":{"line":10,"column":4},"end":{"line":10,"column":21}},"6":{"start":{"line":13,"column":25},"end":{"line":25,"column":3}},"7":{"start":{"line":14,"column":4},"end":{"line":14,"column":21}},"8":{"start":{"line":15,"column":4},"end":{"line":15,"column":17}},"9":{"start":{"line":16,"column":4},"end":{"line":24,"column":5}},"10":{"start":{"line":17,"column":23},"end":{"line":17,"column":46}},"11":{"start":{"line":18,"column":6},"end":{"line":18,"column":21}},"12":{"start":{"line":20,"column":6},"end":{"line":20,"column":55}},"13":{"start":{"line":21,"column":6},"end":{"line":21,"column":61}},"14":{"start":{"line":23,"column":6},"end":{"line":23,"column":24}},"15":{"start":{"line":27,"column":2},"end":{"line":27,"column":73}},"16":{"start":{"line":27,"column":15},"end":{"line":27,"column":73}},"17":{"start":{"line":28,"column":2},"end":{"line":28,"column":70}},"18":{"start":{"line":28,"column":13},"end":{"line":28,"column":70}},"19":{"start":{"line":29,"column":2},"end":{"line":29,"column":79}},"20":{"start":{"line":29,"column":14},"end":{"line":29,"column":79}},"21":{"start":{"line":31,"column":2},"end":{"line":150,"column":4}},"22":{"start":{"line":111,"column":22},"end":{"line":115,"column":27}}},"fnMap":{"0":{"name":"(anonymous_0)","decl":{"start":{"line":4,"column":28},"end":{"line":4,"column":29}},"loc":{"start":{"line":4,"column":34},"end":{"line":151,"column":1}},"line":4},"1":{"name":"(anonymous_1)","decl":{"start":{"line":9,"column":12},"end":{"line":9,"column":13}},"loc":{"start":{"line":9,"column":18},"end":{"line":11,"column":3}},"line":9},"2":{"name":"(anonymous_2)","decl":{"start":{"line":13,"column":25},"end":{"line":13,"column":26}},"loc":{"start":{"line":13,"column":37},"end":{"line":25,"column":3}},"line":13},"3":{"name":"(anonymous_3)","decl":{"start":{"line":110,"column":86},"end":{"line":110,"column":87}},"loc":{"start":{"line":111,"column":22},"end":{"line":115,"column":27}},"line":111}},"branchMap":{"0":{"loc":{"start":{"line":21,"column":15},"end":{"line":21,"column":59}},"type":"binary-expr","locations":[{"start":{"line":21,"column":15},"end":{"line":21,"column":27}},{"start":{"line":21,"column":31},"end":{"line":21,"column":59}}],"line":21},"1":{"loc":{"start":{"line":27,"column":2},"end":{"line":27,"column":73}},"type":"if","locations":[{"start":{"line":27,"column":2},"end":{"line":27,"column":73}},{"start":{},"end":{}}],"line":27},"2":{"loc":{"start":{"line":28,"column":2},"end":{"line":28,"column":70}},"type":"if","locations":[{"start":{"line":28,"column":2},"end":{"line":28,"column":70}},{"start":{},"end":{}}],"line":28},"3":{"loc":{"start":{"line":29,"column":2},"end":{"line":29,"column":79}},"type":"if","locations":[{"start":{"line":29,"column":2},"end":{"line":29,"column":79}},{"start":{},"end":{}}],"line":29},"4":{"loc":{"start":{"line":41,"column":19},"end":{"line":41,"column":42}},"type":"binary-expr","locations":[{"start":{"line":41,"column":19},"end":{"line":41,"column":37}},{"start":{"line":41,"column":41},"end":{"line":41,"column":42}}],"line":41},"5":{"loc":{"start":{"line":49,"column":20},"end":{"line":49,"column":44}},"type":"binary-expr","locations":[{"start":{"line":49,"column":20},"end":{"line":49,"column":39}},{"start":{"line":49,"column":43},"end":{"line":49,"column":44}}],"line":49},"6":{"loc":{"start":{"line":57,"column":19},"end":{"line":57,"column":43}},"type":"binary-expr","locations":[{"start":{"line":57,"column":19},"end":{"line":57,"column":38}},{"start":{"line":57,"column":42},"end":{"line":57,"column":43}}],"line":57},"7":{"loc":{"start":{"line":65,"column":20},"end":{"line":65,"column":55}},"type":"binary-expr","locations":[{"start":{"line":65,"column":20},"end":{"line":65,"column":50}},{"start":{"line":65,"column":54},"end":{"line":65,"column":55}}],"line":65},"8":{"loc":{"start":{"line":80,"column":44},"end":{"line":80,"column":69}},"type":"binary-expr","locations":[{"start":{"line":80,"column":44},"end":{"line":80,"column":64}},{"start":{"line":80,"column":68},"end":{"line":80,"column":69}}],"line":80},"9":{"loc":{"start":{"line":84,"column":44},"end":{"line":84,"column":72}},"type":"binary-expr","locations":[{"start":{"line":84,"column":44},"end":{"line":84,"column":67}},{"start":{"line":84,"column":71},"end":{"line":84,"column":72}}],"line":84},"10":{"loc":{"start":{"line":88,"column":44},"end":{"line":88,"column":70}},"type":"binary-expr","locations":[{"start":{"line":88,"column":44},"end":{"line":88,"column":65}},{"start":{"line":88,"column":69},"end":{"line":88,"column":70}}],"line":88},"11":{"loc":{"start":{"line":110,"column":21},"end":{"line":116,"column":22}},"type":"binary-expr","locations":[{"start":{"line":110,"column":21},"end":{"line":110,"column":41}},{"start":{"line":110,"column":45},"end":{"line":116,"column":22}}],"line":110},"12":{"loc":{"start":{"line":114,"column":30},"end":{"line":114,"column":66}},"type":"binary-expr","locations":[{"start":{"line":114,"column":30},"end":{"line":114,"column":61}},{"start":{"line":114,"column":65},"end":{"line":114,"column":66}}],"line":114},"13":{"loc":{"start":{"line":132,"column":20},"end":{"line":132,"column":54}},"type":"binary-expr","locations":[{"start":{"line":132,"column":20},"end":{"line":132,"column":49}},{"start":{"line":132,"column":53},"end":{"line":132,"column":54}}],"line":132},"14":{"loc":{"start":{"line":136,"column":20},"end":{"line":136,"column":57}},"type":"binary-expr","locations":[{"start":{"line":136,"column":20},"end":{"line":136,"column":52}},{"start":{"line":136,"column":56},"end":{"line":136,"column":57}}],"line":136},"15":{"loc":{"start":{"line":140,"column":20},"end":{"line":140,"column":55}},"type":"binary-expr","locations":[{"start":{"line":140,"column":20},"end":{"line":140,"column":50}},{"start":{"line":140,"column":54},"end":{"line":140,"column":55}}],"line":140}},"s":{"0":1,"1":0,"2":0,"3":0,"4":0,"5":0,"6":0,"7":0,"8":0,"9":0,"10":0,"11":0,"12":0,"13":0,"14":0,"15":0,"16":0,"17":0,"18":0,"19":0,"20":0,"21":0,"22":0},"f":{"0":0,"1":0,"2":0,"3":0},"b":{"0":[0,0],"1":[0,0],"2":[0,0],"3":[0,0],"4":[0,0],"5":[0,0],"6":[0,0],"7":[0,0],"8":[0,0],"9":[0,0],"10":[0,0],"11":[0,0],"12":[0,0],"13":[0,0],"14":[0,0],"15":[0,0]},"_coverageSchema":"1a1c01bbd47fc00a2c39e90264f33305004495a9","hash":"318b8158908c939c98efd1721bb014e75543e121"}
,"D:\\frontend\\src\\components\\UserManagement.jsx": {"path":"D:\\frontend\\src\\components\\UserManagement.jsx","statementMap":{"0":{"start":{"line":20,"column":23},"end":{"line":147,"column":1}},"1":{"start":{"line":21,"column":38},"end":{"line":21,"column":50}},"2":{"start":{"line":22,"column":34},"end":{"line":22,"column":46}},"3":{"start":{"line":23,"column":28},"end":{"line":23,"column":40}},"4":{"start":{"line":24,"column":28},"end":{"line":24,"column":40}},"5":{"start":{"line":25,"column":32},"end":{"line":25,"column":44}},"6":{"start":{"line":26,"column":19},"end":{"line":26,"column":32}},"7":{"start":{"line":28,"column":2},"end":{"line":30,"column":9}},"8":{"start":{"line":29,"column":4},"end":{"line":29,"column":16}},"9":{"start":{"line":32,"column":20},"end":{"line":35,"column":3}},"10":{"start":{"line":33,"column":19},"end":{"line":33,"column":75}},"11":{"start":{"line":34,"column":4},"end":{"line":34,"column":21}},"12":{"start":{"line":37,"column":24},"end":{"line":65,"column":3}},"13":{"start":{"line":38,"column":4},"end":{"line":38,"column":23}},"14":{"start":{"line":39,"column":4},"end":{"line":39,"column":17}},"15":{"start":{"line":40,"column":4},"end":{"line":40,"column":19}},"16":{"start":{"line":42,"column":4},"end":{"line":45,"column":5}},"17":{"start":{"line":43,"column":6},"end":{"line":43,"column":43}},"18":{"start":{"line":44,"column":6},"end":{"line":44,"column":13}},"19":{"start":{"line":47,"column":18},"end":{"line":47,"column":74}},"20":{"start":{"line":48,"column":4},"end":{"line":51,"column":5}},"21":{"start":{"line":49,"column":6},"end":{"line":49,"column":74}},"22":{"start":{"line":50,"column":6},"end":{"line":50,"column":13}},"23":{"start":{"line":53,"column":4},"end":{"line":56,"column":5}},"24":{"start":{"line":53,"column":26},"end":{"line":53,"column":81}},"25":{"start":{"line":54,"column":6},"end":{"line":54,"column":46}},"26":{"start":{"line":55,"column":6},"end":{"line":55,"column":13}},"27":{"start":{"line":59,"column":20},"end":{"line":59,"column":86}},"28":{"start":{"line":60,"column":20},"end":{"line":60,"column":39}},"29":{"start":{"line":61,"column":4},"end":{"line":61,"column":66}},"30":{"start":{"line":62,"column":4},"end":{"line":62,"column":22}},"31":{"start":{"line":63,"column":4},"end":{"line":63,"column":68}},"32":{"start":{"line":64,"column":4},"end":{"line":64,"column":22}},"33":{"start":{"line":67,"column":27},"end":{"line":79,"column":3}},"34":{"start":{"line":68,"column":20},"end":{"line":68,"column":52}},"35":{"start":{"line":68,"column":40},"end":{"line":68,"column":51}},"36":{"start":{"line":69,"column":4},"end":{"line":69,"column":66}},"37":{"start":{"line":72,"column":27},"end":{"line":72,"column":57}},"38":{"start":{"line":72,"column":45},"end":{"line":72,"column":56}},"39":{"start":{"line":73,"column":4},"end":{"line":75,"column":5}},"40":{"start":{"line":74,"column":6},"end":{"line":74,"column":69}},"41":{"start":{"line":77,"column":4},"end":{"line":77,"column":22}},"42":{"start":{"line":78,"column":4},"end":{"line":78,"column":32}},"43":{"start":{"line":81,"column":2},"end":{"line":146,"column":4}},"44":{"start":{"line":93,"column":33},"end":{"line":93,"column":62}},"45":{"start":{"line":117,"column":18},"end":{"line":129,"column":29}},"46":{"start":{"line":121,"column":39},"end":{"line":121,"column":64}},"47":{"start":{"line":144,"column":48},"end":{"line":144,"column":61}}},"fnMap":{"0":{"name":"(anonymous_0)","decl":{"start":{"line":20,"column":23},"end":{"line":20,"column":24}},"loc":{"start":{"line":20,"column":29},"end":{"line":147,"column":1}},"line":20},"1":{"name":"(anonymous_1)","decl":{"start":{"line":28,"column":12},"end":{"line":28,"column":13}},"loc":{"start":{"line":28,"column":18},"end":{"line":30,"column":3}},"line":28},"2":{"name":"(anonymous_2)","decl":{"start":{"line":32,"column":20},"end":{"line":32,"column":21}},"loc":{"start":{"line":32,"column":26},"end":{"line":35,"column":3}},"line":32},"3":{"name":"(anonymous_3)","decl":{"start":{"line":37,"column":24},"end":{"line":37,"column":25}},"loc":{"start":{"line":37,"column":31},"end":{"line":65,"column":3}},"line":37},"4":{"name":"(anonymous_4)","decl":{"start":{"line":53,"column":19},"end":{"line":53,"column":20}},"loc":{"start":{"line":53,"column":26},"end":{"line":53,"column":81}},"line":53},"5":{"name":"(anonymous_5)","decl":{"start":{"line":67,"column":27},"end":{"line":67,"column":28}},"loc":{"start":{"line":67,"column":35},"end":{"line":79,"column":3}},"line":67},"6":{"name":"(anonymous_6)","decl":{"start":{"line":68,"column":33},"end":{"line":68,"column":34}},"loc":{"start":{"line":68,"column":40},"end":{"line":68,"column":51}},"line":68},"7":{"name":"(anonymous_7)","decl":{"start":{"line":72,"column":38},"end":{"line":72,"column":39}},"loc":{"start":{"line":72,"column":45},"end":{"line":72,"column":56}},"line":72},"8":{"name":"(anonymous_8)","decl":{"start":{"line":93,"column":26},"end":{"line":93,"column":27}},"loc":{"start":{"line":93,"column":33},"end":{"line":93,"column":62}},"line":93},"9":{"name":"(anonymous_9)","decl":{"start":{"line":116,"column":27},"end":{"line":116,"column":28}},"loc":{"start":{"line":117,"column":18},"end":{"line":129,"column":29}},"line":117},"10":{"name":"(anonymous_10)","decl":{"start":{"line":121,"column":33},"end":{"line":121,"column":34}},"loc":{"start":{"line":121,"column":39},"end":{"line":121,"column":64}},"line":121},"11":{"name":"(anonymous_11)","decl":{"start":{"line":144,"column":42},"end":{"line":144,"column":43}},"loc":{"start":{"line":144,"column":48},"end":{"line":144,"column":61}},"line":144}},"branchMap":{"0":{"loc":{"start":{"line":33,"column":30},"end":{"line":33,"column":74}},"type":"binary-expr","locations":[{"start":{"line":33,"column":30},"end":{"line":33,"column":66}},{"start":{"line":33,"column":70},"end":{"line":33,"column":74}}],"line":33},"1":{"loc":{"start":{"line":42,"column":4},"end":{"line":45,"column":5}},"type":"if","locations":[{"start":{"line":42,"column":4},"end":{"line":45,"column":5}},{"start":{},"end":{}}],"line":42},"2":{"loc":{"start":{"line":47,"column":29},"end":{"line":47,"column":73}},"type":"binary-expr","locations":[{"start":{"line":47,"column":29},"end":{"line":47,"column":65}},{"start":{"line":47,"column":69},"end":{"line":47,"column":73}}],"line":47},"3":{"loc":{"start":{"line":48,"column":4},"end":{"line":51,"column":5}},"type":"if","locations":[{"start":{"line":48,"column":4},"end":{"line":51,"column":5}},{"start":{},"end":{}}],"line":48},"4":{"loc":{"start":{"line":53,"column":4},"end":{"line":56,"column":5}},"type":"if","locations":[{"start":{"line":53,"column":4},"end":{"line":56,"column":5}},{"start":{},"end":{}}],"line":53},"5":{"loc":{"start":{"line":73,"column":4},"end":{"line":75,"column":5}},"type":"if","locations":[{"start":{"line":73,"column":4},"end":{"line":75,"column":5}},{"start":{},"end":{}}],"line":73},"6":{"loc":{"start":{"line":86,"column":11},"end":{"line":86,"column":74}},"type":"binary-expr","locations":[{"start":{"line":86,"column":11},"end":{"line":86,"column":16}},{"start":{"line":86,"column":20},"end":{"line":86,"column":74}}],"line":86},"7":{"loc":{"start":{"line":87,"column":11},"end":{"line":87,"column":80}},"type":"binary-expr","locations":[{"start":{"line":87,"column":11},"end":{"line":87,"column":18}},{"start":{"line":87,"column":22},"end":{"line":87,"column":80}}],"line":87},"8":{"loc":{"start":{"line":131,"column":17},"end":{"line":135,"column":17}},"type":"binary-expr","locations":[{"start":{"line":131,"column":17},"end":{"line":131,"column":30}},{"start":{"line":132,"column":18},"end":{"line":134,"column":29}}],"line":131}},"s":{"0":0,"1":0,"2":0,"3":0,"4":0,"5":0,"6":0,"7":0,"8":0,"9":0,"10":0,"11":0,"12":0,"13":0,"14":0,"15":0,"16":0,"17":0,"18":0,"19":0,"20":0,"21":0,"22":0,"23":0,"24":0,"25":0,"
[...]
4},"end":{"line":278,"column":69}},"line":278},"61":{"name":"(anonymous_61)","decl":{"start":{"line":279,"column":42},"end":{"line":279,"column":43}},"loc":{"start":{"line":279,"column":47},"end":{"line":279,"column":75}},"line":279},"62":{"name":"(anonymous_62)","decl":{"start":{"line":280,"column":40},"end":{"line":280,"column":41}},"loc":{"start":{"line":280,"column":45},"end":{"line":280,"column":71}},"line":280},"63":{"name":"(anonymous_63)","decl":{"start":{"line":282,"column":34},"end":{"line":282,"column":35}},"loc":{"start":{"line":282,"column":39},"end":{"line":282,"column":64}},"line":282},"64":{"name":"(anonymous_64)","decl":{"start":{"line":282,"column":73},"end":{"line":282,"column":74}},"loc":{"start":{"line":282,"column":85},"end":{"line":282,"column":116}},"line":282},"65":{"name":"(anonymous_65)","decl":{"start":{"line":283,"column":37},"end":{"line":283,"column":38}},"loc":{"start":{"line":283,"column":42},"end":{"line":283,"column":70}},"line":283},"66":{"name":"(anonymous_66)","decl":{"start":{"line":283,"column":79},"end":{"line":283,"column":80}},"loc":{"start":{"line":283,"column":91},"end":{"line":283,"column":122}},"line":283},"67":{"name":"(anonymous_67)","decl":{"start":{"line":284,"column":35},"end":{"line":284,"column":36}},"loc":{"start":{"line":284,"column":40},"end":{"line":284,"column":66}},"line":284},"68":{"name":"(anonymous_68)","decl":{"start":{"line":284,"column":75},"end":{"line":284,"column":76}},"loc":{"start":{"line":284,"column":87},"end":{"line":284,"column":118}},"line":284},"69":{"name":"(anonymous_69)","decl":{"start":{"line":297,"column":29},"end":{"line":297,"column":30}},"loc":{"start":{"line":297,"column":35},"end":{"line":307,"column":1}},"line":297},"70":{"name":"(anonymous_70)","decl":{"start":{"line":301,"column":10},"end":{"line":301,"column":11}},"loc":{"start":{"line":301,"column":17},"end":{"line":301,"column":34}},"line":301},"71":{"name":"(anonymous_71)","decl":{"start":{"line":301,"column":42},"end":{"line":301,"column":43}},"loc":{"start":{"line":301,"column":49},"end":{"line":306,"column":3}},"line":301},"72":{"name":"(anonymous_72)","decl":{"start":{"line":309,"column":26},"end":{"line":309,"column":27}},"loc":{"start":{"line":309,"column":56},"end":{"line":320,"column":1}},"line":309},"73":{"name":"(anonymous_73)","decl":{"start":{"line":314,"column":10},"end":{"line":314,"column":11}},"loc":{"start":{"line":314,"column":17},"end":{"line":314,"column":34}},"line":314},"74":{"name":"(anonymous_74)","decl":{"start":{"line":314,"column":42},"end":{"line":314,"column":43}},"loc":{"start":{"line":314,"column":49},"end":{"line":319,"column":3}},"line":314},"75":{"name":"(anonymous_75)","decl":{"start":{"line":322,"column":26},"end":{"line":322,"column":27}},"loc":{"start":{"line":322,"column":50},"end":{"line":333,"column":1}},"line":322},"76":{"name":"(anonymous_76)","decl":{"start":{"line":327,"column":10},"end":{"line":327,"column":11}},"loc":{"start":{"line":327,"column":17},"end":{"line":327,"column":34}},"line":327},"77":{"name":"(anonymous_77)","decl":{"start":{"line":327,"column":42},"end":{"line":327,"column":43}},"loc":{"start":{"line":327,"column":49},"end":{"line":332,"column":3}},"line":327},"78":{"name":"(anonymous_78)","decl":{"start":{"line":335,"column":26},"end":{"line":335,"column":27}},"loc":{"start":{"line":335,"column":34},"end":{"line":345,"column":1}},"line":335},"79":{"name":"(anonymous_79)","decl":{"start":{"line":339,"column":10},"end":{"line":339,"column":11}},"loc":{"start":{"line":339,"column":17},"end":{"line":339,"column":30}},"line":339},"80":{"name":"(anonymous_80)","decl":{"start":{"line":339,"column":38},"end":{"line":339,"column":39}},"loc":{"start":{"line":339,"column":45},"end":{"line":344,"column":3}},"line":339},"81":{"name":"(anonymous_81)","decl":{"start":{"line":347,"column":32},"end":{"line":347,"column":33}},"loc":{"start":{"line":347,"column":38},"end":{"line":357,"column":1}},"line":347},"82":{"name":"(anonymous_82)","decl":{"start":{"line":351,"column":10},"end":{"line":351,"column":11}},"loc":{"start":{"line":351,"column":17},"end":{"line":351,"column":34}},"line":351},"83":{"name":"(anonymous_83)","decl":{"start":{"line":351,"column":42},"end":{"line":351,"column":43}},"loc":{"start":{"line":351,"column":49},"end":{"line":356,"column":3}},"line":351},"84":{"name":"(anonymous_84)","decl":{"start":{"line":359,"column":32},"end":{"line":359,"column":33}},"loc":{"start":{"line":359,"column":38},"end":{"line":369,"column":1}},"line":359},"85":{"name":"(anonymous_85)","decl":{"start":{"line":363,"column":10},"end":{"line":363,"column":11}},"loc":{"start":{"line":363,"column":17},"end":{"line":363,"column":34}},"line":363},"86":{"name":"(anonymous_86)","decl":{"start":{"line":363,"column":42},"end":{"line":363,"column":43}},"loc":{"start":{"line":363,"column":49},"end":{"line":368,"column":3}},"line":363},"87":{"name":"(anonymous_87)","decl":{"start":{"line":372,"column":44},"end":{"line":372,"column":45}},"loc":{"start":{"line":372,"column":93},"end":{"line":380,"column":1}},"line":372},"88":{"name":"(anonymous_88)","decl":{"start":{"line":377,"column":11},"end":{"line":377,"column":12}},"loc":{"start":{"line":377,"column":18},"end":{"line":379,"column":3}},"line":377},"89":{"name":"(anonymous_89)","decl":{"start":{"line":382,"column":38},"end":{"line":382,"column":39}},"loc":{"start":{"line":382,"column":64},"end":{"line":390,"column":1}},"line":382},"90":{"name":"(anonymous_90)","decl":{"start":{"line":387,"column":11},"end":{"line":387,"column":12}},"loc":{"start":{"line":387,"column":18},"end":{"line":389,"column":3}},"line":387},"91":{"name":"(anonymous_91)","decl":{"start":{"line":392,"column":50},"end":{"line":392,"column":51}},"loc":{"start":{"line":392,"column":87},"end":{"line":400,"column":1}},"line":392},"92":{"name":"(anonymous_92)","decl":{"start":{"line":397,"column":11},"end":{"line":397,"column":12}},"loc":{"start":{"line":397,"column":18},"end":{"line":399,"column":3}},"line":397}},"branchMap":{"0":{"loc":{"start":{"line":17,"column":47},"end":{"line":17,"column":71}},"type":"binary-expr","locations":[{"start":{"line":17,"column":47},"end":{"line":17,"column":65}},{"start":{"line":17,"column":69},"end":{"line":17,"column":71}}],"line":17},"1":{"loc":{"start":{"line":34,"column":11},"end":{"line":34,"column":37}},"type":"cond-expr","locations":[{"start":{"line":34,"column":17},"end":{"line":34,"column":32}},{"start":{"line":34,"column":35},"end":{"line":34,"column":37}}],"line":34},"2":{"loc":{"start":{"line":46,"column":15},"end":{"line":46,"column":36}},"type":"cond-expr","locations":[{"start":{"line":46,"column":21},"end":{"line":46,"column":32}},{"start":{"line":46,"column":35},"end":{"line":46,"column":36}}],"line":46},"3":{"loc":{"start":{"line":58,"column":4},"end":{"line":67,"column":5}},"type":"if","locations":[{"start":{"line":58,"column":4},"end":{"line":67,"column":5}},{"start":{},"end":{}}],"line":58},"4":{"loc":{"start":{"line":58,"column":8},"end":{"line":58,"column":84}},"type":"binary-expr","locations":[{"start":{"line":58,"column":8},"end":{"line":58,"column":26}},{"start":{"line":58,"column":30},"end":{"line":58,"column":66}},{"start":{"line":58,"column":70},"end":{"line":58,"column":84}}],"line":58},"5":{"loc":{"start":{"line":77,"column":20},"end":{"line":77,"column":59}},"type":"cond-expr","locations":[{"start":{"line":77,"column":40},"end":{"line":77,"column":48}},{"start":{"line":77,"column":51},"end":{"line":77,"column":59}}],"line":77},"6":{"loc":{"start":{"line":86,"column":4},"end":{"line":88,"column":5}},"type":"if","locations":[{"start":{"line":86,"column":4},"end":{"line":88,"column":5}},{"start":{},"end":{}}],"line":86},"7":{"loc":{"start":{"line":86,"column":8},"end":{"line":86,"column":39}},"type":"binary-expr","locations":[{"start":{"line":86,"column":8},"end":{"line":86,"column":21}},{"start":{"line":86,"column":25},"end":{"line":86,"column":39}}],"line":86},"8":{"loc":{"start":{"line":99,"column":4},"end":{"line":102,"column":5}},"type":"if","locations":[{"start":{"line":99,"column":4},"end":{"line":102,"column":5}},{"start":{},"end":{}}],"line":99},"9":{"loc":{"start":{"line":113,"column":4},"end":{"line":123,"column":5}},"type":"if","locations":[{"start":{"line":113,"column":4},"end":{"line":123,"column":5}},{"start":{},"end":{}}],"line":113},"10":{"loc":{"start":{"line":134,"column":4},"end":{"line":140,"column":5}},"type":"if","locations":[{"start":{"line":134,"column":4},"end":{"line":140,"column":5}},{"start":{},"end":{}}],"line":134},"11":{"loc":{"start":{"line":136,"column":39},"end":{"line":136,"column":77}},"type":"cond-expr","locations":[{"start":{"line":136,"column":53},"end":{"line":136,"column":73}},{"start":{"line":136,"column":76},"end":{"line":136,"column":77}}],"line":136},"12":{"loc":{"start":{"line":150,"column":4},"end":{"line":155,"column":5}},"type":"if","locations":[{"start":{"line":150,"column":4},"end":{"line":155,"column":5}},{"start":{},"end":{}}],"line":150},"13":{"loc":{"start":{"line":166,"column":4},"end":{"line":168,"column":5}},"type":"if","locations":[{"start":{"line":166,"column":4},"end":{"line":168,"column":5}},{"start":{},"end":{}}],"line":166},"14":{"loc":{"start":{"line":179,"column":4},"end":{"line":186,"column":5}},"type":"if","locations":[{"start":{"line":179,"column":4},"end":{"line":186,"column":5}},{"start":{},"end":{}}],"line":179},"15":{"loc":{"start":{"line":181,"column":39},"end":{"line":181,"column":73}},"type":"cond-expr","locations":[{"start":{"line":181,"column":53},"end":{"line":181,"column":69}},{"start":{"line":181,"column":72},"end":{"line":181,"column":73}}],"line":181},"16":{"loc":{"start":{"line":196,"column":4},"end":{"line":201,"column":5}},"type":"if","locations":[{"start":{"line":196,"column":4},"end":{"line":201,"column":5}},{"start":{},"end":{}}],"line":196},"17":{"loc":{"start":{"line":212,"column":4},"end":{"line":247,"column":5}},"type":"if","locations":[{"start":{"line":212,"column":4},"end":{"line":247,"column":5}},{"start":{},"end":{}}],"line":212},"18":{"loc":{"start":{"line":220,"column":21},"end":{"line":220,"column":45}},"type":"binary-expr","locations":[{"start":{"line":220,"column":21},"end":{"line":220,"column":32}},{"start":{"line":220,"column":36},"end":{"line":220,"column":45}}],"line":220},"19":{"loc":{"start":{"line":221,"column":32},"end":{"line":221,"column":57}},"type":"binary-expr","locations":[{"start":{"line":221,"column":32},"end":{"line":221,"column":52}},{"start":{"line":221,"column":56},"end":{"line":221,"column":57}}],"line":221},"20":{"loc":{"start":{"line":222,"column":35},"end":{"line":222,"column":63}},"type":"binary-expr","locations":[{"start":{"line":222,"column":35},"end":{"line":222,"column":58}},{"start":{"line":222,"column":62},"end":{"line":222,"column":63}}],"line":222},"21":{"loc":{"start":{"line":222,"column":68},"end":{"line":222,"column":91}},"type":"binary-expr","locations":[{"start":{"line":222,"column":68},"end":{"line":222,"column":86}},{"start":{"line":222,"column":90},"end":{"line":222,"column":91}}],"line":222},"22":{"loc":{"start":{"line":227,"column":15},"end":{"line":227,"column":82}},"type":"binary-expr","locations":[{"start":{"line":227,"column":15},"end":{"line":227,"column":27}},{"start":{"line":227,"column":31},"end":{"line":227,"column":82}}],"line":227},"23":{"loc":{"start":{"line":232,"column":57},"end":{"line":232,"column":80}},"type":"binary-expr","locations":[{"start":{"line":232,"column":57},"end":{"line":232,"column":75}},{"start":{"line":232,"column":79},"end":{"line":232,"column":80}}],"line":232},"24":{"loc":{"start":{"line":238,"column":92},"end":{"line":238,"column":115}},"type":"binary-expr","locations":[{"start":{"line":238,"column":92},"end":{"line":238,"column":110}},{"start":{"line":238,"column":114},"end":{"line":238,"column":115}}],"line":238},"25":{"loc":{"start":{"line":239,"column":98},"end":{"line":239,"column":121}},"type":"binary-expr","locations":[{"start":{"line":239,"column":98},"end":{"line":239,"column":116}},{"start":{"line":239,"column":120},"end":{"line":239,"column":121}}],"line":239},"26":{"loc":{"start":{"line":240,"column":94},"end":{"line":240,"column":117}},"type":"binary-expr","locations":[{"start":{"line":240,"column":94},"end":{"line":240,"column":112}},{"start":{"line":240,"column":116},"end":{"line":240,"column":117}}],"line":240},"27":{"loc":{"start":{"line":257,"column":4},"end":{"line":291,"column":5}},"type":"if","locations":[{"start":{"line":257,"column":4},"end":{"line":291,"column":5}},{"start":{},"end":{}}],"line":257},"28":{"loc":{"start":{"line":265,"column":21},"end":{"line":265,"column":45}},"type":"binary-expr","locations":[{"start":{"line":265,"column":21},"end":{"line":265,"column":32}},{"start":{"line":265,"column":36},"end":{"line":265,"column":45}}],"line":265},"29":{"loc":{"start":{"line":266,"column":32},"end":{"line":266,"column":57}},"type":"binary-expr","locations":[{"start":{"line":266,"column":32},"end":{"line":266,"column":52}},{"start":{"line":266,"column":56},"end":{"line":266,"column":57}}],"line":266},"30":{"loc":{"start":{"line":267,"column":35},"end":{"line":267,"column":63}},"type":"binary-expr","locations":[{"start":{"line":267,"column":35},"end":{"line":267,"column":58}},{"start":{"line":267,"column":62},"end":{"line":267,"column":63}}],"line":267},"31":{"loc":{"start":{"line":267,"column":68},"end":{"line":267,"column":91}},"type":"binary-expr","locations":[{"start":{"line":267,"column":68},"end":{"line":267,"column":86}},{"start":{"line":267,"column":90},"end":{"line":267,"column":91}}],"line":267},"32":{"loc":{"start":{"line":272,"column":15},"end":{"line":272,"column":82}},"type":"binary-expr","locations":[{"start":{"line":272,"column":15},"end":{"line":272,"column":27}},{"start":{"line":272,"column":31},"end":{"line":272,"column":82}}],"line":272},"33":{"loc":{"start":{"line":277,"column":57},"end":{"line":277,"column":80}},"type":"binary-expr","locations":[{"start":{"line":277,"column":57},"end":{"line":277,"column":75}},{"start":{"line":277,"column":79},"end":{"line":277,"column":80}}],"line":277},"34":{"loc":{"start":{"line":282,"column":92},"end":{"line":282,"column":115}},"type":"binary-expr","locations":[{"start":{"line":282,"column":92},"end":{"line":282,"column":110}},{"start":{"line":282,"column":114},"end":{"line":282,"column":115}}],"line":282},"35":{"loc":{"start":{"line":283,"column":98},"end":{"line":283,"column":121}},"type":"binary-expr","locations":[{"start":{"line":283,"column":98},"end":{"line":283,"column":116}},{"start":{"line":283,"column":120},"end":{"line":283,"column":121}}],"line":283},"36":{"loc":{"start":{"line":284,"column":94},"end":{"line":284,"column":117}},"type":"binary-expr","locations":[{"start":{"line":284,"column":94},"end":{"line":284,"column":112}},{"start":{"line":284,"column":116},"end":{"line":284,"column":117}}],"line":284},"37":{"loc":{"start":{"line":302,"column":4},"end":{"line":304,"column":5}},"type":"if","locations":[{"start":{"line":302,"column":4},"end":{"line":304,"column":5}},{"start":{},"end":{}}],"line":302},"38":{"loc":{"start":{"line":315,"column":4},"end":{"line":317,"column":5}},"type":"if","locations":[{"start":{"line":315,"column":4},"end":{"line":317,"column":5}},{"start":{},"end":{}}],"line":315},"39":{"loc":{"start":{"line":328,"column":4},"end":{"line":330,"column":5}},"type":"if","locations":[{"start":{"line":328,"column":4},"end":{"line":330,"column":5}},{"start":{},"end":{}}],"line":328},"40":{"loc":{"start":{"line":340,"column":4},"end":{"line":342,"column":5}},"type":"if","locations":[{"start":{"line":340,"column":4},"end":{"line":342,"column":5}},{"start":{},"end":{}}],"line":340},"41":{"loc":{"start":{"line":352,"column":4},"end":{"line":354,"column":5}},"type":"if","locations":[{"start":{"line":352,"column":4},"end":{"line":354,"column":5}},{"start":{},"end":{}}],"line":352},"42":{"loc":{"start":{"line":364,"column":4},"end":{"line":366,"column":5}},"type":"if","locations":[{"start":{"line":364,"column":4},"end":{"line":366,"column":5}},{"start":{},"end":{}}],"line":364}},"s":{"0":1,"1":1,"2":1,"3":1,"4":2,"5":0,"6":0,"7":0,"8":1,"9":1,"10":1,"11":1,"12":1,"13":1,"14":1,"15":0,"16":0,"17":0,"18":0,"19":1,"20":0,"21":1,"22":0,"23":0,"24":0,"25":0,"26":1,"27":0,"28":1,"29":0,"30":0,"31":0,"32":0,"33":0,"34":0,"35":0,"36":0,"37":0,"38":0,"39":0,"40":1,"41":0,"42":1,"43":0,"44":0,"45":0,"46":0,"47":0,"48":0,"49":0,"50":0,"51":1,"52":0,"53":0,"54":0,"55":0,"56":0,"57":0,"58":1,"59":0,"60":0,"61":0,"62":0,"63":0,"64":0,"65":0,"66":0,"67":0,"68":1,"69":0,"70":0,"71":0,"72":0,"73":0,"74":0,"75":0,"76":0,"77":0,"78":0,"79":1,"80":0,"81":0,"82":0,"83":0,"84":0,"85":0,"86":0,"87":0,"88":0,"89":1,"90":0,"91":0,"92":0,"93":0,"94":0,"95":1,"96":0,"97":0,"98":0,"99":0,"100":0,"101":0,"102":0,"103":0,"104":0,"105":0,"106":0,"107":0,"108":0,"109":1,"110":0,"111":0,"112":0,"113":0,"114":0,"115":0,"116":0,"117":0,"118":0,"119":1,"120":0,"121":0,"122":0,"123":0,"124":0,"125":0,"126":0,"127":0,"128":0,"129":0,"130":0,"131":0,"132":0,"133":0,"134":0,"135":0,"136":0,"137":0,"138":0,"139":0,"140":0,"141":0,"142":0,"143":0,"144":0,"145":0,"146":1,"147":0,"148":0,"149":0,"150":0,"151":0,"152":0,"153":0,"154":0,"155":0,"156":0,"157":0,"158":0,"159":0,"160":0,"161":0,"162":0,"163":0,"164":0,"165":0,"166":0,"167":0,"168":0,"169":0,"170":0,"171":0,"172":0,"173":1,"174":0,"175":0,"176":0,"177":0,"178":0,"179":1,"180":0,"181":0,"182":0,"183":0,"184":0,"185":1,"186":0,"187":0,"188":0,"189":0,"190":0,"191":1,"192":0,"193":0,"194":0,"195":0,"196":0,"197":1,"198":0,"199":0,"200":0,"201":0,"202":0,"203":1,"204":0,"205":0,"206":0,"207":0,"208":0,"209":1,"210":0,"211":0,"212":1,"213":0,"214":0,"215":1,"216":0,"217":0,"218":1},"f":{"0":2,"1":0,"2":0,"3":0,"4":0,"5":0,"6":0,"7":0,"8":0,"9":0,"10":0,"11":0,"12":0,"13":0,"14":0,"15":0,"16":0,"17":0,"18":0,"19":0,"20":0,"21":0,"22":0,"23":0,"24":0,"25":0,"26":0,"27":0,"28":0,"29":0,"30":0,"31":0,"32":0,"33":0,"34":0,"35":0,"36":0,"37":0,"38":0,"39":0,"40":0,"41":0,"42":0,"43":0,"44":0,"45":0,"46":0,"47":0,"48":0,"49":0,"50":0,"51":0,"52":0,"53":0,"54":0,"55":0,"56":0,"57":0,"58":0,"59":0,"60":0,"61":0,"62":0,"63":0,"64":0,"65":0,"66":0,"67":0,"68":0,"69":0,"70":0,"71":0,"72":0,"73":0,"74":0,"75":0,"76":0,"77":0,"78":0,"79":0,"80":0,"81":0,"82":0,"83":0,"84":0,"85":0,"86":0,"87":0,"88":0,"89":0,"90":0,"91":0,"92":0},"b":{"0":[0,0],"1":[0,0],"2":[0,0],"3":[0,0],"4":[0,0,0],"5":[0,0],"6":[0,0],"7":[0,0],"8":[0,0],"9":[0,0],"10":[0,0],"11":[0,0],"12":[0,0],"13":[0,0],"14":[0,0],"15":[0,0],"16":[0,0],"17":[0,0],"18":[0,0],"19":[0,0],"20":[0,0],"21":[0,0],"22":[0,0],"23":[0,0],"24":[0,0],"25":[0,0],"26":[0,0],"27":[0,0],"28":[0,0],"29":[0,0],"30":[0,0],"31":[0,0],"32":[0,0],"33":[0,0],"34":[0,0],"35":[0,0],"36":[0,0],"37":[0,0],"38":[0,0],"39":[0,0],"40":[0,0],"41":[0,0],"42":[0,0]},"_coverageSchema":"1a1c01bbd47fc00a2c39e90264f33305004495a9","hash":"655c107b6c0eb776d5ab8c71b96a0d716d6cd54d"}
,"D:\\frontend\\src\\services\\apiHost.js": {"path":"D:\\frontend\\src\\services\\apiHost.js","statementMap":{"0":{"start":{"line":5,"column":15},"end":{"line":5,"column":38}},"1":{"start":{"line":9,"column":0},"end":{"line":11,"column":1}},"2":{"start":{"line":10,"column":2},"end":{"line":10,"column":38}}},"fnMap":{},"branchMap":{"0":{"loc":{"start":{"line":9,"column":0},"end":{"line":11,"column":1}},"type":"if","locations":[{"start":{"line":9,"column":0},"end":{"line":11,"column":1}},{"start":{},"end":{}}],"line":9},"1":{"loc":{"start":{"line":9,"column":4},"end":{"line":9,"column":77}},"type":"binary-expr","locations":[{"start":{"line":9,"column":4},"end":{"line":9,"column":34}},{"start":{"line":9,"column":38},"end":{"line":9,"column":49}},{"start":{"line":9,"column":53},"end":{"line":9,"column":77}}],"line":9}},"s":{"0":1,"1":1,"2":0},"f":{},"b":{"0":[0,1],"1":[1,1,1]},"_coverageSchema":"1a1c01bbd47fc00a2c39e90264f33305004495a9","hash":"3ed196d6931d8048e2717452abfceccaae929eb1"}
}
