TN:
SF:src\App.jsx
FN:9,(anonymous_0)
FN:13,(anonymous_1)
FN:18,(anonymous_2)
FNF:3
FNH:1
FNDA:1,(anonymous_0)
FNDA:0,(anonymous_1)
FNDA:0,(anonymous_2)
DA:9,1
DA:10,1
DA:11,1
DA:13,1
DA:14,0
DA:15,0
DA:18,1
DA:19,0
DA:20,0
DA:23,1
LF:10
LH:6
BRDA:13,0,0,0
BRDA:31,1,0,0
BRDA:31,1,1,1
BRDA:36,2,0,0
BRDA:36,2,1,1
BRF:5
BRH:2
end_of_record
TN:
SF:src\main.jsx
FNF:0
FNH:0
DA:7,0
DA:8,0
DA:9,0
DA:12,0
LF:4
LH:0
BRDA:8,0,0,0
BRDA:8,0,1,0
BRF:2
BRH:0
end_of_record
TN:
SF:src\components\CenterDashboard.jsx
FN:10,(anonymous_0)
FN:15,(anonymous_1)
FN:15,(anonymous_2)
FN:29,(anonymous_3)
FN:33,(anonymous_4)
FN:36,(anonymous_5)
FN:38,(anonymous_6)
FN:39,(anonymous_7)
FN:48,(anonymous_8)
FN:51,(anonymous_9)
FN:51,(anonymous_10)
FN:82,(anonymous_11)
FN:91,(anonymous_12)
FN:93,(anonymous_13)
FN:102,(anonymous_14)
FNF:15
FNH:0
FNDA:0,(anonymous_0)
FNDA:0,(anonymous_1)
FNDA:0,(anonymous_2)
FNDA:0,(anonymous_3)
FNDA:0,(anonymous_4)
FNDA:0,(anonymous_5)
FNDA:0,(anonymous_6)
FNDA:0,(anonymous_7)
FNDA:0,(anonymous_8)
FNDA:0,(anonymous_9)
FNDA:0,(anonymous_10)
FNDA:0,(anonymous_11)
FNDA:0,(anonymous_12)
FNDA:0,(anonymous_13)
FNDA:0,(anonymous_14)
DA:8,1
DA:10,1
DA:11,0
DA:12,0
DA:13,0
DA:15,0
DA:16,0
DA:17,0
DA:18,0
DA:19,0
DA:20,0
DA:22,0
DA:23,0
DA:25,0
DA:29,0
DA:30,0
DA:33,0
DA:34,0
DA:35,0
DA:36,0
DA:37,0
DA:38,0
DA:39,0
DA:40,0
DA:43,0
DA:44,0
DA:48,0
DA:49,0
DA:50,0
DA:51,0
DA:53,0
DA:54,0
DA:58,0
DA:83,0
DA:91,0
DA:94,0
DA:102,0
LF:37
LH:2
BRDA:20,0,0,0
BRDA:20,0,1,0
BRDA:23,1,0,0
BRDA:23,1,1,0
BRDA:38,2,0,0
BRDA:38,2,1,0
BRDA:44,3,0,0
BRDA:44,3,1,0
BRDA:54,4,0,0
BRDA:54,4,1,0
BRDA:69,5,0,0
BRDA:69,5,1,0
BRDA:90,6,0,0
BRDA:90,6,1,0
BRDA:109,7,0,0
BRDA:109,7,1,0
BRDA:112,8,0,0
BRDA:112,8,1,0
BRF:18
BRH:0
end_of_record
TN:
SF:src\components\FamilyDashboard.jsx
FN:11,(anonymous_0)
FN:18,(anonymous_1)
FN:18,(anonymous_2)
FN:23,(anonymous_3)
FN:33,(anonymous_4)
FN:37,(anonymous_5)
FN:42,(anonymous_6)
FN:56,(anonymous_7)
FN:56,(anonymous_8)
FN:59,(anonymous_9)
FN:68,(anonymous_10)
FN:73,(anonymous_11)
FN:76,(anonymous_12)
FN:76,(anonymous_13)
FN:103,(anonymous_14)
FN:103,(anonymous_15)
FN:105,(anonymous_16)
FN:117,(anonymous_17)
FN:117,(anonymous_18)
FN:149,(anonymous_19)
FN:158,(anonymous_20)
FN:165,(anonymous_21)
FNF:22
FNH:0
FNDA:0,(anonymous_0)
FNDA:0,(anonymous_1)
FNDA:0,(anonymous_2)
FNDA:0,(anonymous_3)
FNDA:0,(anonymous_4)
FNDA:0,(anonymous_5)
FNDA:0,(anonymous_6)
FNDA:0,(anonymous_7)
FNDA:0,(anonymous_8)
FNDA:0,(anonymous_9)
FNDA:0,(anonymous_10)
FNDA:0,(anonymous_11)
FNDA:0,(anonymous_12)
FNDA:0,(anonymous_13)
FNDA:0,(anonymous_14)
FNDA:0,(anonymous_15)
FNDA:0,(anonymous_16)
FNDA:0,(anonymous_17)
FNDA:0,(anonymous_18)
FNDA:0,(anonymous_19)
FNDA:0,(anonymous_20)
FNDA:0,(anonymous_21)
DA:9,1
DA:11,1
DA:12,0
DA:13,0
DA:14,0
DA:15,0
DA:16,0
DA:18,0
DA:19,0
DA:20,0
DA:21,0
DA:22,0
DA:23,0
DA:24,0
DA:26,0
DA:27,0
DA:29,0
DA:33,0
DA:34,0
DA:37,0
DA:38,0
DA:39,0
DA:42,0
DA:43,0
DA:44,0
DA:45,0
DA:47,0
DA:53,0
DA:54,0
DA:55,0
DA:56,0
DA:58,0
DA:59,0
DA:61,0
DA:63,0
DA:64,0
DA:68,0
DA:69,0
DA:70,0
DA:73,0
DA:74,0
DA:75,0
DA:76,0
DA:78,0
DA:79,0
DA:83,0
DA:103,0
DA:106,0
DA:117,0
DA:150,0
DA:158,0
DA:165,0
LF:52
LH:2
BRDA:23,0,0,0
BRDA:23,0,1,0
BRDA:27,1,0,0
BRDA:27,1,1,0
BRDA:44,2,0,0
BRDA:44,2,1,0
BRDA:54,3,0,0
BRDA:54,3,1,0
BRDA:56,4,0,0
BRDA:56,4,1,0
BRDA:64,5,0,0
BRDA:64,5,1,0
BRDA:79,6,0,0
BRDA:79,6,1,0
BRDA:94,7,0,0
BRDA:94,7,1,0
BRDA:95,8,0,0
BRDA:95,8,1,0
BRDA:122,9,0,0
BRDA:122,9,1,0
BRDA:124,10,0,0
BRDA:124,10,1,0
BRDA:172,11,0,0
BRDA:172,11,1,0
BRDA:175,12,0,0
BRDA:175,12,1,0
BRF:26
BRH:0
end_of_record
TN:
SF:src\components\FieldTable.jsx
FN:25,(anonymous_0)
FN:31,(anonymous_1)
FN:32,(anonymous_2)
FN:34,(anonymous_3)
FN:38,(anonymous_4)
FN:47,(anonymous_5)
FN:51,(anonymous_6)
FN:61,(anonymous_7)
FN:70,(anonymous_8)
FN:71,(anonymous_9)
FN:91,(anonymous_10)
FN:91,(anonymous_11)
FN:102,(anonymous_12)
FN:111,(anonymous_13)
FN:115,(anonymous_14)
FN:124,(anonymous_15)
FN:127,(anonymous_16)
FN:138,(anonymous_17)
FN:139,(anonymous_18)
FN:146,(anonymous_19)
FN:147,(anonymous_20)
FN:157,(anonymous_21)
FN:159,(anonymous_22)
FN:159,(anonymous_23)
FN:162,(anonymous_24)
FN:165,(anonymous_25)
FN:170,(anonymous_26)
FN:174,(anonymous_27)
FN:175,(anonymous_28)
FN:188,(anonymous_29)
FN:192,(anonymous_30)
FN:199,(anonymous_31)
FN:199,(anonymous_32)
FN:202,(anonymous_33)
FN:210,(anonymous_34)
FN:210,(anonymous_35)
FN:219,(anonymous_36)
FN:253,(anonymous_37)
FN:256,(anonymous_38)
FN:260,(anonymous_39)
FN:283,(anonymous_40)
FN:286,(anonymous_41)
FN:316,(anonymous_42)
FN:326,(anonymous_43)
FN:355,(anonymous_44)
FN:357,(anonymous_45)
FN:362,(anonymous_46)
FN:363,(anonymous_47)
FN:364,(anonymous_48)
FNF:49
FNH:0
FNDA:0,(anonymous_0)
FNDA:0,(anonymous_1)
FNDA:0,(anonymous_2)
FNDA:0,(anonymous_3)
FNDA:0,(anonymous_4)
FNDA:0,(anonymous_5)
FNDA:0,(anonymous_6)
FNDA:0,(anonymous_7)
FNDA:0,(anonymous_8)
FNDA:0,(anonymous_9)
FNDA:0,(anonymous_10)
FNDA:0,(anonymous_11)
FNDA:0,(anonymous_12)
FNDA:0,(anonymous_13)
FNDA:0,(anonymous_14)
FNDA:0,(anonymous_15)
FNDA:0,(anonymous_16)
FNDA:0,(anonymous_17)
FNDA:0,(anonymous_18)
FNDA:0,(anonymous_19)
FNDA:0,(anonymous_20)
FNDA:0,(anonymous_21)
FNDA:0,(anonymous_22)
FNDA:0,(anonymous_23)
FNDA:0,(anonymous_24)
FNDA:0,(anonymous_25)
FNDA:0,(anonymous_26)
FNDA:0,(anonymous_27)
FNDA:0,(anonymous_28)
FNDA:0,(anonymous_29)
FNDA:0,(anonymous_30)
FNDA:0,(anonymous_31)
FNDA:0,(anonymous_32)
FNDA:0,(anonymous_33)
FNDA:0,(anonymous_34)
FNDA:0,(anonymous_35)
FNDA:0,(anonymous_36)
FNDA:0,(anonymous_37)
FNDA:0,(anonymous_38)
FNDA:0,(anonymous_39)
FNDA:0,(anonymous_40)
FNDA:0,(anonymous_41)
FNDA:0,(anonymous_42)
FNDA:0,(anonymous_43)
FNDA:0,(anonymous_44)
FNDA:0,(anonymous_45)
FNDA:0,(anonymous_46)
FNDA:0,(anonymous_47)
FNDA:0,(anonymous_48)
DA:22,0
DA:23,0
DA:25,0
DA:26,0
DA:27,0
DA:28,0
DA:29,0
DA:31,0
DA:32,0
DA:33,0
DA:34,0
DA:35,0
DA:36,0
DA:38,0
DA:39,0
DA:40,0
DA:42,0
DA:44,0
DA:47,0
DA:48,0
DA:51,0
DA:52,0
DA:53,0
DA:54,0
DA:56,0
DA:57,0
DA:60,0
DA:61,0
DA:64,0
DA:66,0
DA:67,0
DA:70,0
DA:71,0
DA:72,0
DA:77,0
DA:80,0
DA:88,0
DA:89,0
DA:91,0
DA:92,0
DA:93,0
DA:95,0
DA:99,0
DA:102,0
DA:103,0
DA:104,0
DA:105,0
DA:107,0
DA:108,0
DA:111,0
DA:112,0
DA:113,0
DA:115,0
DA:116,0
DA:117,0
DA:118,0
DA:122,0
DA:123,0
DA:124,0
DA:126,0
DA:127,0
DA:130,0
DA:131,0
DA:132,0
DA:135,0
DA:136,0
DA:137,0
DA:138,0
DA:139,0
DA:142,0
DA:143,0
DA:146,0
DA:147,0
DA:148,0
DA:150,0
DA:151,0
DA:152,0
DA:155,0
DA:156,0
DA:157,0
DA:158,0
DA:159,0
DA:162,0
DA:163,0
DA:165,0
DA:166,0
DA:168,0
DA:169,0
DA:170,0
DA:171,0
DA:172,0
DA:173,0
DA:174,0
DA:175,0
DA:180,0
DA:188,0
DA:192,0
DA:199,0
DA:203,0
DA:210,0
DA:219,0
DA:255,0
DA:256,0
DA:259,0
DA:261,0
DA:262,0
DA:263,0
DA:264,0
DA:266,0
DA:283,0
DA:287,0
DA:316,0
DA:326,0
DA:356,0
DA:357,0
DA:359,0
DA:362,0
DA:363,0
DA:364,0
LF:119
LH:0
BRDA:25,0,0,0
BRDA:25,1,0,0
BRDA:32,2,0,0
BRDA:32,2,1,0
BRDA:35,3,0,0
BRDA:35,3,1,0
BRDA:39,4,0,0
BRDA:39,4,1,0
BRDA:53,5,0,0
BRDA:53,5,1,0
BRDA:53,6,0,0
BRDA:53,6,1,0
BRDA:57,7,0,0
BRDA:57,7,1,0
BRDA:64,8,0,0
BRDA:64,8,1,0
BRDA:72,9,0,0
BRDA:72,9,1,0
BRDA:92,10,0,0
BRDA:92,10,1,0
BRDA:103,11,0,0
BRDA:103,11,1,0
BRDA:103,12,0,0
BRDA:103,12,1,0
BRDA:113,13,0,0
BRDA:113,13,1,0
BRDA:116,14,0,0
BRDA:116,14,1,0
BRDA:123,15,0,0
BRDA:123,15,1,0
BRDA:127,16,0,0
BRDA:127,16,1,0
BRDA:130,17,0,0
BRDA:130,17,1,0
BRDA:135,18,0,0
BRDA:135,18,1,0
BRDA:139,19,0,0
BRDA:139,19,1,0
BRDA:148,20,0,0
BRDA:148,20,1,0
BRDA:150,21,0,0
BRDA:150,21,1,0
BRDA:150,22,0,0
BRDA:150,22,1,0
BRDA:156,23,0,0
BRDA:156,23,1,0
BRDA:163,24,0,0
BRDA:163,24,1,0
BRDA:166,25,0,0
BRDA:166,25,1,0
BRDA:169,26,0,0
BRDA:169,26,1,0
BRDA:171,27,0,0
BRDA:171,27,1,0
BRDA:175,28,0,0
BRDA:175,28,1,0
BRDA:182,29,0,0
BRDA:182,29,1,0
BRDA:187,30,0,0
BRDA:187,30,1,0
BRDA:188,31,0,0
BRDA:188,31,1,0
BRDA:192,32,0,0
BRDA:192,32,1,0
BRDA:193,33,0,0
BRDA:193,33,1,0
BRDA:216,34,0,0
BRDA:216,34,1,0
BRDA:218,35,0,0
BRDA:218,35,1,0
BRDA:230,36,0,0
BRDA:230,36,1,0
BRDA:255,37,0,0
BRDA:255,37,1,0
BRDA:259,38,0,0
BRDA:259,38,1,0
BRDA:261,39,0,0
BRDA:261,39,1,0
BRDA:263,40,0,0
BRDA:263,40,1,0
BRDA:270,41,0,0
BRDA:270,41,1,0
BRDA:272,42,0,0
BRDA:272,42,1,0
BRDA:274,43,0,0
BRDA:274,43,1,0
BRDA:279,44,0,0
BRDA:279,44,1,0
BRDA:282,45,0,0
BRDA:282,45,1,0
BRDA:296,46,0,0
BRDA:296,46,1,0
BRDA:298,47,0,0
BRDA:298,47,1,0
BRDA:306,48,0,0
BRDA:306,48,1,0
BRDA:314,49,0,0
BRDA:314,49,1,0
BRDA:324,50,0,0
BRDA:324,50,1,0
BRDA:342,51,0,0
BRDA:342,51,1,0
BRDA:356,52,0,0
BRDA:356,52,1,0
BRDA:362,53,0,0
BRDA:362,53,1,0
BRF:106
BRH:0
end_of_record
TN:
SF:src\components\LoginPage.jsx
FN:11,(anonymous_0)
FN:19,(anonymous_1)
FN:58,(anonymous_2)
FN:63,(anonymous_3)
FN:76,(anonymous_4)
FN:87,(anonymous_5)
FNF:6
FNH:2
FNDA:1,(anonymous_0)
FNDA:0,(anonymous_1)
FNDA:0,(anonymous_2)
FNDA:2,(anonymous_3)
FNDA:0,(anonymous_4)
FNDA:0,(anonymous_5)
DA:6,1
DA:11,1
DA:12,1
DA:13,1
DA:14,1
DA:15,1
DA:16,1
DA:17,1
DA:19,1
DA:20,0
DA:21,0
DA:23,0
DA:24,0
DA:25,0
DA:26,0
DA:29,0
DA:30,0
DA:31,0
DA:32,0
DA:34,0
DA:35,0
DA:37,0
DA:41,1
DA:59,0
DA:60,0
DA:64,2
DA:76,0
DA:87,0
LF:28
LH:11
BRDA:24,0,0,0
BRDA:24,0,1,0
BRDA:24,1,0,0
BRDA:24,1,1,0
BRDA:31,2,0,0
BRDA:31,2,1,0
BRDA:31,3,0,0
BRDA:31,3,1,0
BRDA:32,4,0,0
BRDA:32,4,1,0
BRDA:35,5,0,0
BRDA:35,5,1,0
BRDA:50,6,0,1
BRDA:50,6,1,0
BRDA:69,7,0,1
BRDA:69,7,1,1
BRDA:92,8,0,0
BRDA:92,8,1,1
BRF:18
BRH:4
end_of_record
TN:
SF:src\components\Navbar.jsx
FN:4,(anonymous_0)
FN:7,(anonymous_1)
FNF:2
FNH:1
FNDA:1,(anonymous_0)
FNDA:0,(anonymous_1)
DA:4,1
DA:5,1
DA:7,1
DA:8,0
DA:9,0
DA:12,1
LF:6
LH:4
BRDA:29,0,0,1
BRDA:29,0,1,0
BRDA:34,1,0,1
BRDA:34,1,1,0
BRDA:39,2,0,1
BRDA:39,2,1,0
BRDA:44,3,0,1
BRDA:44,3,1,0
BRF:8
BRH:4
end_of_record
TN:
SF:src\components\StatisticsDashboard.jsx
FN:4,(anonymous_0)
FN:9,(anonymous_1)
FN:13,(anonymous_2)
FN:110,(anonymous_3)
FNF:4
FNH:0
FNDA:0,(anonymous_0)
FNDA:0,(anonymous_1)
FNDA:0,(anonymous_2)
FNDA:0,(anonymous_3)
DA:4,1
DA:5,0
DA:6,0
DA:7,0
DA:9,0
DA:10,0
DA:13,0
DA:14,0
DA:15,0
DA:16,0
DA:17,0
DA:18,0
DA:20,0
DA:21,0
DA:23,0
DA:27,0
DA:28,0
DA:29,0
DA:31,0
DA:111,0
LF:20
LH:1
BRDA:21,0,0,0
BRDA:21,0,1,0
BRDA:27,1,0,0
BRDA:27,1,1,0
BRDA:28,2,0,0
BRDA:28,2,1,0
BRDA:29,3,0,0
BRDA:29,3,1,0
BRDA:41,4,0,0
BRDA:41,4,1,0
BRDA:49,5,0,0
BRDA:49,5,1,0
BRDA:57,6,0,0
BRDA:57,6,1,0
BRDA:65,7,0,0
BRDA:65,7,1,0
BRDA:80,8,0,0
BRDA:80,8,1,0
BRDA:84,9,0,0
BRDA:84,9,1,0
BRDA:88,10,0,0
BRDA:88,10,1,0
BRDA:110,11,0,0
BRDA:110,11,1,0
BRDA:114,12,0,0
BRDA:114,12,1,0
BRDA:132,13,0,0
BRDA:132,13,1,0
BRDA:136,14,0,0
BRDA:136,14,1,0
BRDA:140,15,0,0
BRDA:140,15,1,0
BRF:32
BRH:0
end_of_record
TN:
SF:src\components\UserManagement.jsx
FN:20,(anonymous_0)
FN:28,(anonymous_1)
FN:32,(anonymous_2)
FN:37,(anonymous_3)
FN:53,(anonymous_4)
FN:67,(anonymous_5)
FN:68,(anonymous_6)
FN:72,(anonymous_7)
FN:93,(anonymous_8)
FN:116,(anonymous_9)
FN:121,(anonymous_10)
FN:144,(anonymous_11)
FNF:12
FNH:0
FNDA:0,(anonymous_0)
FNDA:0,(anonymous_1)
FNDA:0,(anonymous_2)
FNDA:0,(anonymous_3)
FNDA:0,(anonymous_4)
FNDA:0,(anonymous_5)
FNDA:0,(anonymous_6)
FNDA:0,(anonymous_7)
FNDA:0,(anonymous_8)
FNDA:0,(anonymous_9)
FNDA:0,(anonymous_10)
FNDA:0,(anonymous_11)
DA:20,0
DA:21,0
DA:22,0
DA:23,0
DA:24,0
DA:25,0
DA:26,0
DA:28,0
DA:29,0
DA:32,0
DA:33,0
DA:34,0
DA:37,0
DA:38,0
DA:39,0
DA:40,0
DA:42,0
DA:43,0
DA:44,0
DA:47,0
DA:48,0
DA:49,0
DA:50,0
DA:53,0
DA:54,0
DA:55,0
DA:59,0
DA:60,0
DA:61,0
DA:62,0
DA:63,0
DA:64,0
DA:67,0
DA:68,0
DA:69,0
DA:72,0
DA:73,0
DA:74,0
DA:77,0
DA:78,0
DA:81,0
DA:93,0
DA:117,0
DA:121,0
DA:144,0
LF:45
LH:0
BRDA:33,0,0,0
BRDA:33,0,1,0
BRDA:42,1,0,0
BRDA:42,1,1,0
BRDA:47,2,0,0
BRDA:47,2,1,0
BRDA:48,3,0,0
BRDA:48,3,1,0
BRDA:53,4,0,0
BRDA:53,4,1,0
BRDA:73,5,0,0
BRDA:73,5,1,0
BRDA:86,6,0,0
BRDA:86,6,1,0
BRDA:87,7,0,0
BRDA:87,7,1,0
BRDA:131,8,0,0
BRDA:131,8,1,0
BRF:18
BRH:0
end_of_record
TN:
SF:src\services\api.js
FN:13,(anonymous_0)
FN:15,(anonymous_1)
FN:16,(anonymous_2)
FN:31,(anonymous_3)
FN:40,(anonymous_4)
FN:44,(anonymous_5)
FN:51,(anonymous_6)
FN:53,(anonymous_7)
FN:72,(anonymous_8)
FN:75,(anonymous_9)
FN:94,(anonymous_10)
FN:98,(anonymous_11)
FN:100,(anonymous_12)
FN:107,(anonymous_13)
FN:112,(anonymous_14)
FN:112,(anonymous_15)
FN:128,(anonymous_16)
FN:133,(anonymous_17)
FN:136,(anonymous_18)
FN:138,(anonymous_19)
FN:145,(anonymous_20)
FN:149,(anonymous_21)
FN:149,(anonymous_22)
FN:152,(anonymous_23)
FN:161,(anonymous_24)
FN:165,(anonymous_25)
FN:165,(anonymous_26)
FN:173,(anonymous_27)
FN:178,(anonymous_28)
FN:178,(anonymous_29)
FN:181,(anonymous_30)
FN:182,(anonymous_31)
FN:184,(anonymous_32)
FN:191,(anonymous_33)
FN:195,(anonymous_34)
FN:195,(anonymous_35)
FN:198,(anonymous_36)
FN:207,(anonymous_37)
FN:211,(anonymous_38)
FN:211,(anonymous_39)
FN:219,(anonymous_40)
FN:226,(anonymous_41)
FN:232,(anonymous_42)
FN:233,(anonymous_43)
FN:234,(anonymous_44)
FN:235,(anonymous_45)
FN:236,(anonymous_46)
FN:238,(anonymous_47)
FN:238,(anonymous_48)
FN:239,(anonymous_49)
FN:239,(anonymous_50)
FN:240,(anonymous_51)
FN:240,(anonymous_52)
FN:252,(anonymous_53)
FN:256,(anonymous_54)
FN:256,(anonymous_55)
FN:259,(anonymous_56)
FN:264,(anonymous_57)
FN:271,(anonymous_58)
FN:277,(anonymous_59)
FN:278,(anonymous_60)
FN:279,(anonymous_61)
FN:280,(anonymous_62)
FN:282,(anonymous_63)
FN:282,(anonymous_64)
FN:283,(anonymous_65)
FN:283,(anonymous_66)
FN:284,(anonymous_67)
FN:284,(anonymous_68)
FN:297,(anonymous_69)
FN:301,(anonymous_70)
FN:301,(anonymous_71)
FN:309,(anonymous_72)
FN:314,(anonymous_73)
FN:314,(anonymous_74)
FN:322,(anonymous_75)
FN:327,(anonymous_76)
FN:327,(anonymous_77)
FN:335,(anonymous_78)
FN:339,(anonymous_79)
FN:339,(anonymous_80)
FN:347,(anonymous_81)
FN:351,(anonymous_82)
FN:351,(anonymous_83)
FN:359,(anonymous_84)
FN:363,(anonymous_85)
FN:363,(anonymous_86)
FN:372,(anonymous_87)
FN:377,(anonymous_88)
FN:382,(anonymous_89)
FN:387,(anonymous_90)
FN:392,(anonymous_91)
FN:397,(anonymous_92)
FNF:93
FNH:1
FNDA:2,(anonymous_0)
FNDA:0,(anonymous_1)
FNDA:0,(anonymous_2)
FNDA:0,(anonymous_3)
FNDA:0,(anonymous_4)
FNDA:0,(anonymous_5)
FNDA:0,(anonymous_6)
FNDA:0,(anonymous_7)
FNDA:0,(anonymous_8)
FNDA:0,(anonymous_9)
FNDA:0,(anonymous_10)
FNDA:0,(anonymous_11)
FNDA:0,(anonymous_12)
FNDA:0,(anonymous_13)
FNDA:0,(anonymous_14)
FNDA:0,(anonymous_15)
FNDA:0,(anonymous_16)
FNDA:0,(anonymous_17)
FNDA:0,(anonymous_18)
FNDA:0,(anonymous_19)
FNDA:0,(anonymous_20)
FNDA:0,(anonymous_21)
FNDA:0,(anonymous_22)
FNDA:0,(anonymous_23)
FNDA:0,(anonymous_24)
FNDA:0,(anonymous_25)
FNDA:0,(anonymous_26)
FNDA:0,(anonymous_27)
FNDA:0,(anonymous_28)
FNDA:0,(anonymous_29)
FNDA:0,(anonymous_30)
FNDA:0,(anonymous_31)
FNDA:0,(anonymous_32)
FNDA:0,(anonymous_33)
FNDA:0,(anonymous_34)
FNDA:0,(anonymous_35)
FNDA:0,(anonymous_36)
FNDA:0,(anonymous_37)
FNDA:0,(anonymous_38)
FNDA:0,(anonymous_39)
FNDA:0,(anonymous_40)
FNDA:0,(anonymous_41)
FNDA:0,(anonymous_42)
FNDA:0,(anonymous_43)
FNDA:0,(anonymous_44)
FNDA:0,(anonymous_45)
FNDA:0,(anonymous_46)
FNDA:0,(anonymous_47)
FNDA:0,(anonymous_48)
FNDA:0,(anonymous_49)
FNDA:0,(anonymous_50)
FNDA:0,(anonymous_51)
FNDA:0,(anonymous_52)
FNDA:0,(anonymous_53)
FNDA:0,(anonymous_54)
FNDA:0,(anonymous_55)
FNDA:0,(anonymous_56)
FNDA:0,(anonymous_57)
FNDA:0,(anonymous_58)
FNDA:0,(anonymous_59)
FNDA:0,(anonymous_60)
FNDA:0,(anonymous_61)
FNDA:0,(anonymous_62)
FNDA:0,(anonymous_63)
FNDA:0,(anonymous_64)
FNDA:0,(anonymous_65)
FNDA:0,(anonymous_66)
FNDA:0,(anonymous_67)
FNDA:0,(anonymous_68)
FNDA:0,(anonymous_69)
FNDA:0,(anonymous_70)
FNDA:0,(anonymous_71)
FNDA:0,(anonymous_72)
FNDA:0,(anonymous_73)
FNDA:0,(anonymous_74)
FNDA:0,(anonymous_75)
FNDA:0,(anonymous_76)
FNDA:0,(anonymous_77)
FNDA:0,(anonymous_78)
FNDA:0,(anonymous_79)
FNDA:0,(anonymous_80)
FNDA:0,(anonymous_81)
FNDA:0,(anonymous_82)
FNDA:0,(anonymous_83)
FNDA:0,(anonymous_84)
FNDA:0,(anonymous_85)
FNDA:0,(anonymous_86)
FNDA:0,(anonymous_87)
FNDA:0,(anonymous_88)
FNDA:0,(anonymous_89)
FNDA:0,(anonymous_90)
FNDA:0,(anonymous_91)
FNDA:0,(anonymous_92)
DA:3,1
DA:5,1
DA:9,1
DA:13,1
DA:14,2
DA:15,0
DA:17,0
DA:18,0
DA:23,1
DA:24,1
DA:26,1
DA:27,1
DA:28,1
DA:29,1
DA:31,1
DA:32,0
DA:33,0
DA:34,0
DA:36,0
DA:40,1
DA:41,0
DA:44,1
DA:45,0
DA:46,0
DA:47,0
DA:48,0
DA:51,1
DA:53,1
DA:54,0
DA:55,0
DA:57,0
DA:58,0
DA:59,0
DA:60,0
DA:61,0
DA:62,0
DA:63,0
DA:65,0
DA:68,0
DA:72,1
DA:75,1
DA:76,0
DA:77,0
DA:78,0
DA:83,0
DA:85,0
DA:86,0
DA:87,0
DA:89,0
DA:94,1
DA:95,0
DA:99,0
DA:100,0
DA:101,0
DA:103,0
DA:107,1
DA:108,0
DA:112,0
DA:113,0
DA:114,0
DA:115,0
DA:120,0
DA:121,0
DA:122,0
DA:124,0
DA:128,1
DA:129,0
DA:134,0
DA:135,0
DA:136,0
DA:137,0
DA:138,0
DA:139,0
DA:141,0
DA:145,1
DA:146,0
DA:149,0
DA:150,0
DA:151,0
DA:152,0
DA:153,0
DA:154,0
DA:156,0
DA:161,1
DA:162,0
DA:165,0
DA:166,0
DA:167,0
DA:169,0
DA:173,1
DA:174,0
DA:178,0
DA:179,0
DA:180,0
DA:181,0
DA:182,0
DA:183,0
DA:184,0
DA:185,0
DA:187,0
DA:191,1
DA:192,0
DA:195,0
DA:196,0
DA:197,0
DA:198,0
DA:199,0
DA:200,0
DA:202,0
DA:207,1
DA:208,0
DA:211,0
DA:212,0
DA:214,0
DA:215,0
DA:216,0
DA:219,0
DA:220,0
DA:221,0
DA:222,0
DA:226,0
DA:227,0
DA:230,0
DA:232,0
DA:233,0
DA:234,0
DA:235,0
DA:236,0
DA:238,0
DA:239,0
DA:240,0
DA:246,0
DA:248,0
DA:252,1
DA:253,0
DA:256,0
DA:257,0
DA:259,0
DA:260,0
DA:261,0
DA:264,0
DA:265,0
DA:266,0
DA:267,0
DA:271,0
DA:272,0
DA:275,0
DA:277,0
DA:278,0
DA:279,0
DA:280,0
DA:282,0
DA:283,0
DA:284,0
DA:290,0
DA:292,0
DA:297,1
DA:298,0
DA:301,0
DA:302,0
DA:303,0
DA:305,0
DA:309,1
DA:310,0
DA:314,0
DA:315,0
DA:316,0
DA:318,0
DA:322,1
DA:323,0
DA:327,0
DA:328,0
DA:329,0
DA:331,0
DA:335,1
DA:336,0
DA:339,0
DA:340,0
DA:341,0
DA:343,0
DA:347,1
DA:348,0
DA:351,0
DA:352,0
DA:353,0
DA:355,0
DA:359,1
DA:360,0
DA:363,0
DA:364,0
DA:365,0
DA:367,0
DA:372,1
DA:373,0
DA:378,0
DA:382,1
DA:383,0
DA:388,0
DA:392,1
DA:393,0
DA:398,0
DA:423,1
LF:202
LH:37
BRDA:17,0,0,0
BRDA:17,0,1,0
BRDA:34,1,0,0
BRDA:34,1,1,0
BRDA:46,2,0,0
BRDA:46,2,1,0
BRDA:58,3,0,0
BRDA:58,3,1,0
BRDA:58,4,0,0
BRDA:58,4,1,0
BRDA:58,4,2,0
BRDA:77,5,0,0
BRDA:77,5,1,0
BRDA:86,6,0,0
BRDA:86,6,1,0
BRDA:86,7,0,0
BRDA:86,7,1,0
BRDA:99,8,0,0
BRDA:99,8,1,0
BRDA:113,9,0,0
BRDA:113,9,1,0
BRDA:134,10,0,0
BRDA:134,10,1,0
BRDA:136,11,0,0
BRDA:136,11,1,0
BRDA:150,12,0,0
BRDA:150,12,1,0
BRDA:166,13,0,0
BRDA:166,13,1,0
BRDA:179,14,0,0
BRDA:179,14,1,0
BRDA:181,15,0,0
BRDA:181,15,1,0
BRDA:196,16,0,0
BRDA:196,16,1,0
BRDA:212,17,0,0
BRDA:212,17,1,0
BRDA:220,18,0,0
BRDA:220,18,1,0
BRDA:221,19,0,0
BRDA:221,19,1,0
BRDA:222,20,0,0
BRDA:222,20,1,0
BRDA:222,21,0,0
BRDA:222,21,1,0
BRDA:227,22,0,0
BRDA:227,22,1,0
BRDA:232,23,0,0
BRDA:232,23,1,0
BRDA:238,24,0,0
BRDA:238,24,1,0
BRDA:239,25,0,0
BRDA:239,25,1,0
BRDA:240,26,0,0
BRDA:240,26,1,0
BRDA:257,27,0,0
BRDA:257,27,1,0
BRDA:265,28,0,0
BRDA:265,28,1,0
BRDA:266,29,0,0
BRDA:266,29,1,0
BRDA:267,30,0,0
BRDA:267,30,1,0
BRDA:267,31,0,0
BRDA:267,31,1,0
BRDA:272,32,0,0
BRDA:272,32,1,0
BRDA:277,33,0,0
BRDA:277,33,1,0
BRDA:282,34,0,0
BRDA:282,34,1,0
BRDA:283,35,0,0
BRDA:283,35,1,0
BRDA:284,36,0,0
BRDA:284,36,1,0
BRDA:302,37,0,0
BRDA:302,37,1,0
BRDA:315,38,0,0
BRDA:315,38,1,0
BRDA:328,39,0,0
BRDA:328,39,1,0
BRDA:340,40,0,0
BRDA:340,40,1,0
BRDA:352,41,0,0
BRDA:352,41,1,0
BRDA:364,42,0,0
BRDA:364,42,1,0
BRF:87
BRH:0
end_of_record
TN:
SF:src\services\apiHost.js
FNF:0
FNH:0
DA:5,1
DA:9,1
DA:10,0
LF:3
LH:2
BRDA:9,0,0,0
BRDA:9,0,1,1
BRDA:9,1,0,1
BRDA:9,1,1,1
BRDA:9,1,2,1
BRF:5
BRH:4
end_of_record
